{"__type":"$$EventMessageAudit","id":"e2dde2e8-4341-4ace-9420-3ca0e4822d23","ts":"2025-12-03T18:45:30.158+00:00","eventName":"n8n.audit.workflow.updated","message":"n8n.audit.workflow.updated","payload":{"userId":"bd3a5b30-745c-4820-a59a-60954efae6a4","_email":"its.azhar.4321@gmail.com","_firstName":"Azhar","_lastName":"Iqbal","globalRole":"global:owner","workflowId":"pzpEPfUntRVDuVKd","workflowName":"SAP Metadata Intelligence Scanner"}}
{"__type":"$$EventMessageConfirm","confirm":"e2dde2e8-4341-4ace-9420-3ca0e4822d23","ts":"2025-12-03T18:45:30.159+00:00","source":{"id":"0","name":"eventBus"}}
{"__type":"$$EventMessageWorkflow","id":"df9b0855-33b0-4106-8ac4-4d7fa2f153ad","ts":"2025-12-03T18:48:03.727+00:00","eventName":"n8n.workflow.started","message":"n8n.workflow.started","payload":{"executionId":"8","workflowId":"pzpEPfUntRVDuVKd","isManual":false,"workflowName":"SAP Metadata Intelligence Scanner"}}
{"__type":"$$EventMessageConfirm","confirm":"df9b0855-33b0-4106-8ac4-4d7fa2f153ad","ts":"2025-12-03T18:48:03.728+00:00","source":{"id":"0","name":"eventBus"}}
{"__type":"$$EventMessageNode","id":"2c3f89ee-3e7e-4cc4-b2a7-763d1f58ab9b","ts":"2025-12-03T18:48:03.856+00:00","eventName":"n8n.node.started","message":"n8n.node.started","payload":{"workflowId":"pzpEPfUntRVDuVKd","workflowName":"SAP Metadata Intelligence Scanner","executionId":"8","nodeType":"n8n-nodes-base.aggregate","nodeName":"Aggregate: Results","nodeId":"a4d50363-9506-487b-8bc8-fd2acd635a13"}}
{"__type":"$$EventMessageConfirm","confirm":"2c3f89ee-3e7e-4cc4-b2a7-763d1f58ab9b","ts":"2025-12-03T18:48:03.856+00:00","source":{"id":"0","name":"eventBus"}}
{"__type":"$$EventMessageNode","id":"f3b8a3d6-0d8a-42e7-9e3c-c743aef38b9a","ts":"2025-12-03T18:48:03.865+00:00","eventName":"n8n.node.finished","message":"n8n.node.finished","payload":{"workflowId":"pzpEPfUntRVDuVKd","workflowName":"SAP Metadata Intelligence Scanner","executionId":"8","nodeType":"n8n-nodes-base.aggregate","nodeName":"Aggregate: Results","nodeId":"a4d50363-9506-487b-8bc8-fd2acd635a13"}}
{"__type":"$$EventMessageConfirm","confirm":"f3b8a3d6-0d8a-42e7-9e3c-c743aef38b9a","ts":"2025-12-03T18:48:03.865+00:00","source":{"id":"0","name":"eventBus"}}
{"__type":"$$EventMessageWorkflow","id":"7a36412f-c56b-43b4-8f48-c16a81e611e0","ts":"2025-12-03T18:48:03.870+00:00","eventName":"n8n.workflow.success","message":"n8n.workflow.success","payload":{"userId":"bd3a5b30-745c-4820-a59a-60954efae6a4","executionId":"8","success":true,"isManual":true,"workflowId":"pzpEPfUntRVDuVKd","workflowName":"SAP Metadata Intelligence Scanner"}}
{"__type":"$$EventMessageConfirm","confirm":"7a36412f-c56b-43b4-8f48-c16a81e611e0","ts":"2025-12-03T18:48:03.870+00:00","source":{"id":"0","name":"eventBus"}}
{"__type":"$$EventMessageWorkflow","id":"3043b3a4-cbbd-4db4-bcd5-d9311e804a59","ts":"2025-12-03T18:48:38.537+00:00","eventName":"n8n.workflow.started","message":"n8n.workflow.started","payload":{"executionId":"9","workflowId":"pzpEPfUntRVDuVKd","isManual":false,"workflowName":"SAP Metadata Intelligence Scanner"}}
{"__type":"$$EventMessageConfirm","confirm":"3043b3a4-cbbd-4db4-bcd5-d9311e804a59","ts":"2025-12-03T18:48:38.538+00:00","source":{"id":"0","name":"eventBus"}}
{"__type":"$$EventMessageNode","id":"a9990360-2c14-4426-9c4c-d4805e128052","ts":"2025-12-03T18:48:38.709+00:00","eventName":"n8n.node.started","message":"n8n.node.started","payload":{"workflowId":"pzpEPfUntRVDuVKd","workflowName":"SAP Metadata Intelligence Scanner","executionId":"9","nodeType":"n8n-nodes-base.aggregate","nodeName":"Aggregate: Results","nodeId":"a4d50363-9506-487b-8bc8-fd2acd635a13"}}
{"__type":"$$EventMessageConfirm","confirm":"a9990360-2c14-4426-9c4c-d4805e128052","ts":"2025-12-03T18:48:38.709+00:00","source":{"id":"0","name":"eventBus"}}
{"__type":"$$EventMessageNode","id":"5307dd3c-8859-4461-b2a9-534a81b8b004","ts":"2025-12-03T18:48:38.712+00:00","eventName":"n8n.node.finished","message":"n8n.node.finished","payload":{"workflowId":"pzpEPfUntRVDuVKd","workflowName":"SAP Metadata Intelligence Scanner","executionId":"9","nodeType":"n8n-nodes-base.aggregate","nodeName":"Aggregate: Results","nodeId":"a4d50363-9506-487b-8bc8-fd2acd635a13"}}
{"__type":"$$EventMessageConfirm","confirm":"5307dd3c-8859-4461-b2a9-534a81b8b004","ts":"2025-12-03T18:48:38.712+00:00","source":{"id":"0","name":"eventBus"}}
{"__type":"$$EventMessageWorkflow","id":"32d38e32-b2db-48c6-bd9e-ada755c1d428","ts":"2025-12-03T18:48:38.728+00:00","eventName":"n8n.workflow.success","message":"n8n.workflow.success","payload":{"userId":"bd3a5b30-745c-4820-a59a-60954efae6a4","executionId":"9","success":true,"isManual":true,"workflowId":"pzpEPfUntRVDuVKd","workflowName":"SAP Metadata Intelligence Scanner"}}
{"__type":"$$EventMessageConfirm","confirm":"32d38e32-b2db-48c6-bd9e-ada755c1d428","ts":"2025-12-03T18:48:38.728+00:00","source":{"id":"0","name":"eventBus"}}
{"__type":"$$EventMessageWorkflow","id":"7372f99c-28ae-4851-b7e9-0dbf67ba8e0a","ts":"2025-12-03T18:48:50.360+00:00","eventName":"n8n.workflow.started","message":"n8n.workflow.started","payload":{"executionId":"10","workflowId":"pzpEPfUntRVDuVKd","isManual":false,"workflowName":"SAP Metadata Intelligence Scanner"}}
{"__type":"$$EventMessageConfirm","confirm":"7372f99c-28ae-4851-b7e9-0dbf67ba8e0a","ts":"2025-12-03T18:48:50.360+00:00","source":{"id":"0","name":"eventBus"}}
{"__type":"$$EventMessageNode","id":"6500f430-f3df-473f-8c1e-c10ff48bae64","ts":"2025-12-03T18:48:50.483+00:00","eventName":"n8n.node.started","message":"n8n.node.started","payload":{"workflowId":"pzpEPfUntRVDuVKd","workflowName":"SAP Metadata Intelligence Scanner","executionId":"10","nodeType":"n8n-nodes-base.set","nodeName":"Summary: Scan Complete","nodeId":"385dadaf-d00f-4930-ab27-276584f38576"}}
{"__type":"$$EventMessageConfirm","confirm":"6500f430-f3df-473f-8c1e-c10ff48bae64","ts":"2025-12-03T18:48:50.484+00:00","source":{"id":"0","name":"eventBus"}}
{"__type":"$$EventMessageNode","id":"28fad569-3104-4872-91d5-8410d9c32c64","ts":"2025-12-03T13:48:50.538-05:00","eventName":"n8n.node.finished","message":"n8n.node.finished","payload":{"workflowId":"pzpEPfUntRVDuVKd","workflowName":"SAP Metadata Intelligence Scanner","executionId":"10","nodeType":"n8n-nodes-base.set","nodeName":"Summary: Scan Complete","nodeId":"385dadaf-d00f-4930-ab27-276584f38576"}}
{"__type":"$$EventMessageConfirm","confirm":"28fad569-3104-4872-91d5-8410d9c32c64","ts":"2025-12-03T13:48:50.538-05:00","source":{"id":"0","name":"eventBus"}}
{"__type":"$$EventMessageWorkflow","id":"c944a6d3-08a1-4ca3-b7a4-1f8a6c15a3f6","ts":"2025-12-03T13:48:50.540-05:00","eventName":"n8n.workflow.success","message":"n8n.workflow.success","payload":{"userId":"bd3a5b30-745c-4820-a59a-60954efae6a4","executionId":"10","success":true,"isManual":true,"workflowId":"pzpEPfUntRVDuVKd","workflowName":"SAP Metadata Intelligence Scanner"}}
{"__type":"$$EventMessageConfirm","confirm":"c944a6d3-08a1-4ca3-b7a4-1f8a6c15a3f6","ts":"2025-12-03T13:48:50.540-05:00","source":{"id":"0","name":"eventBus"}}
{"__type":"$$EventMessageWorkflow","id":"d00b43a5-1eb8-4203-bf22-28a4e08bc851","ts":"2025-12-03T13:48:59.001-05:00","eventName":"n8n.workflow.started","message":"n8n.workflow.started","payload":{"executionId":"11","workflowId":"pzpEPfUntRVDuVKd","isManual":false,"workflowName":"SAP Metadata Intelligence Scanner"}}
{"__type":"$$EventMessageConfirm","confirm":"d00b43a5-1eb8-4203-bf22-28a4e08bc851","ts":"2025-12-03T13:48:59.003-05:00","source":{"id":"0","name":"eventBus"}}
{"__type":"$$EventMessageNode","id":"f4a92460-c8ee-4c23-8d05-87719e16c087","ts":"2025-12-03T13:48:59.158-05:00","eventName":"n8n.node.started","message":"n8n.node.started","payload":{"workflowId":"pzpEPfUntRVDuVKd","workflowName":"SAP Metadata Intelligence Scanner","executionId":"11","nodeType":"n8n-nodes-base.httpRequest","nodeName":"Verify: Check Saved Data","nodeId":"f27bdc51-7acc-40a2-b2b7-69df5b6a3591"}}
{"__type":"$$EventMessageConfirm","confirm":"f4a92460-c8ee-4c23-8d05-87719e16c087","ts":"2025-12-03T13:48:59.158-05:00","source":{"id":"0","name":"eventBus"}}
{"__type":"$$EventMessageNode","id":"ff227080-da9a-422d-91d3-26b1a269c743","ts":"2025-12-03T13:48:59.421-05:00","eventName":"n8n.node.finished","message":"n8n.node.finished","payload":{"workflowId":"pzpEPfUntRVDuVKd","workflowName":"SAP Metadata Intelligence Scanner","executionId":"11","nodeType":"n8n-nodes-base.httpRequest","nodeName":"Verify: Check Saved Data","nodeId":"f27bdc51-7acc-40a2-b2b7-69df5b6a3591"}}
{"__type":"$$EventMessageConfirm","confirm":"ff227080-da9a-422d-91d3-26b1a269c743","ts":"2025-12-03T13:48:59.421-05:00","source":{"id":"0","name":"eventBus"}}
{"__type":"$$EventMessageWorkflow","id":"6aa1c9f0-b57d-4ea6-8e32-d1c2d239aff5","ts":"2025-12-03T13:48:59.425-05:00","eventName":"n8n.workflow.success","message":"n8n.workflow.success","payload":{"userId":"bd3a5b30-745c-4820-a59a-60954efae6a4","executionId":"11","success":true,"isManual":true,"workflowId":"pzpEPfUntRVDuVKd","workflowName":"SAP Metadata Intelligence Scanner"}}
{"__type":"$$EventMessageConfirm","confirm":"6aa1c9f0-b57d-4ea6-8e32-d1c2d239aff5","ts":"2025-12-03T13:48:59.425-05:00","source":{"id":"0","name":"eventBus"}}
{"__type":"$$EventMessageWorkflow","id":"364b4676-2b06-41b9-8ed8-a9cb7475c942","ts":"2025-12-04T01:50:21.387-05:00","eventName":"n8n.workflow.started","message":"n8n.workflow.started","payload":{"executionId":"12","workflowId":"pzpEPfUntRVDuVKd","isManual":false,"workflowName":"SAP Metadata Intelligence Scanner"}}
{"__type":"$$EventMessageConfirm","confirm":"364b4676-2b06-41b9-8ed8-a9cb7475c942","ts":"2025-12-04T01:50:21.388-05:00","source":{"id":"0","name":"eventBus"}}
{"__type":"$$EventMessageNode","id":"99da07ae-c3ef-4f73-8165-ef964c4effe2","ts":"2025-12-04T01:50:21.391-05:00","eventName":"n8n.node.started","message":"n8n.node.started","payload":{"workflowId":"pzpEPfUntRVDuVKd","workflowName":"SAP Metadata Intelligence Scanner","executionId":"12","nodeType":"n8n-nodes-base.httpRequest","nodeName":"Fetch: Service Catalog1","nodeId":"7e103521-1771-444c-b4f9-42143be9cd91"}}
{"__type":"$$EventMessageConfirm","confirm":"99da07ae-c3ef-4f73-8165-ef964c4effe2","ts":"2025-12-04T01:50:21.391-05:00","source":{"id":"0","name":"eventBus"}}
{"__type":"$$EventMessageNode","id":"148d1386-780a-4dc2-b849-bcad5a50c3bd","ts":"2025-12-04T01:50:22.110-05:00","eventName":"n8n.node.finished","message":"n8n.node.finished","payload":{"workflowId":"pzpEPfUntRVDuVKd","workflowName":"SAP Metadata Intelligence Scanner","executionId":"12","nodeType":"n8n-nodes-base.httpRequest","nodeName":"Fetch: Service Catalog1","nodeId":"7e103521-1771-444c-b4f9-42143be9cd91"}}
{"__type":"$$EventMessageConfirm","confirm":"148d1386-780a-4dc2-b849-bcad5a50c3bd","ts":"2025-12-04T01:50:22.111-05:00","source":{"id":"0","name":"eventBus"}}
{"__type":"$$EventMessageWorkflow","id":"57ca18ef-389a-4ff7-af64-4b777a2552d6","ts":"2025-12-04T01:50:22.121-05:00","eventName":"n8n.workflow.success","message":"n8n.workflow.success","payload":{"userId":"bd3a5b30-745c-4820-a59a-60954efae6a4","executionId":"12","success":true,"isManual":true,"workflowId":"pzpEPfUntRVDuVKd","workflowName":"SAP Metadata Intelligence Scanner"}}
{"__type":"$$EventMessageConfirm","confirm":"57ca18ef-389a-4ff7-af64-4b777a2552d6","ts":"2025-12-04T01:50:22.121-05:00","source":{"id":"0","name":"eventBus"}}
{"__type":"$$EventMessageWorkflow","id":"84d97c9e-1a6a-4fc0-89f3-32cbc81b0aaa","ts":"2025-12-04T01:53:21.427-05:00","eventName":"n8n.workflow.started","message":"n8n.workflow.started","payload":{"executionId":"13","workflowId":"pzpEPfUntRVDuVKd","isManual":false,"workflowName":"SAP Metadata Intelligence Scanner"}}
{"__type":"$$EventMessageConfirm","confirm":"84d97c9e-1a6a-4fc0-89f3-32cbc81b0aaa","ts":"2025-12-04T01:53:21.428-05:00","source":{"id":"0","name":"eventBus"}}
{"__type":"$$EventMessageNode","id":"77944ee6-1c75-4199-9026-6f22efab4f83","ts":"2025-12-04T01:53:21.430-05:00","eventName":"n8n.node.started","message":"n8n.node.started","payload":{"workflowId":"pzpEPfUntRVDuVKd","workflowName":"SAP Metadata Intelligence Scanner","executionId":"13","nodeType":"n8n-nodes-base.httpRequest","nodeName":"Fetch: Service Catalog1","nodeId":"7e103521-1771-444c-b4f9-42143be9cd91"}}
{"__type":"$$EventMessageConfirm","confirm":"77944ee6-1c75-4199-9026-6f22efab4f83","ts":"2025-12-04T01:53:21.430-05:00","source":{"id":"0","name":"eventBus"}}
{"__type":"$$EventMessageNode","id":"3527bcee-4a2e-41ae-b628-df657dc5bcac","ts":"2025-12-04T01:53:22.194-05:00","eventName":"n8n.node.finished","message":"n8n.node.finished","payload":{"workflowId":"pzpEPfUntRVDuVKd","workflowName":"SAP Metadata Intelligence Scanner","executionId":"13","nodeType":"n8n-nodes-base.httpRequest","nodeName":"Fetch: Service Catalog1","nodeId":"7e103521-1771-444c-b4f9-42143be9cd91"}}
{"__type":"$$EventMessageConfirm","confirm":"3527bcee-4a2e-41ae-b628-df657dc5bcac","ts":"2025-12-04T01:53:22.194-05:00","source":{"id":"0","name":"eventBus"}}
{"__type":"$$EventMessageWorkflow","id":"30783f9b-fbe4-44bd-996b-9bad78ae5361","ts":"2025-12-04T01:53:22.199-05:00","eventName":"n8n.workflow.success","message":"n8n.workflow.success","payload":{"userId":"bd3a5b30-745c-4820-a59a-60954efae6a4","executionId":"13","success":true,"isManual":true,"workflowId":"pzpEPfUntRVDuVKd","workflowName":"SAP Metadata Intelligence Scanner"}}
{"__type":"$$EventMessageConfirm","confirm":"30783f9b-fbe4-44bd-996b-9bad78ae5361","ts":"2025-12-04T01:53:22.199-05:00","source":{"id":"0","name":"eventBus"}}
{"__type":"$$EventMessageWorkflow","id":"443e00c3-9704-4a88-9c7a-4c1c3a28feae","ts":"2025-12-04T01:53:51.845-05:00","eventName":"n8n.workflow.started","message":"n8n.workflow.started","payload":{"executionId":"14","workflowId":"pzpEPfUntRVDuVKd","isManual":false,"workflowName":"SAP Metadata Intelligence Scanner"}}
{"__type":"$$EventMessageConfirm","confirm":"443e00c3-9704-4a88-9c7a-4c1c3a28feae","ts":"2025-12-04T01:53:51.846-05:00","source":{"id":"0","name":"eventBus"}}
{"__type":"$$EventMessageNode","id":"f70590e7-1ad8-4195-b030-7a8d4b2dbd93","ts":"2025-12-04T01:53:51.849-05:00","eventName":"n8n.node.started","message":"n8n.node.started","payload":{"workflowId":"pzpEPfUntRVDuVKd","workflowName":"SAP Metadata Intelligence Scanner","executionId":"14","nodeType":"n8n-nodes-base.httpRequest","nodeName":"Fetch: Service Catalog1","nodeId":"7e103521-1771-444c-b4f9-42143be9cd91"}}
{"__type":"$$EventMessageConfirm","confirm":"f70590e7-1ad8-4195-b030-7a8d4b2dbd93","ts":"2025-12-04T01:53:51.850-05:00","source":{"id":"0","name":"eventBus"}}
{"__type":"$$EventMessageNode","id":"17dfdeba-af6f-4111-932b-d80abd21c841","ts":"2025-12-04T01:53:52.102-05:00","eventName":"n8n.node.finished","message":"n8n.node.finished","payload":{"workflowId":"pzpEPfUntRVDuVKd","workflowName":"SAP Metadata Intelligence Scanner","executionId":"14","nodeType":"n8n-nodes-base.httpRequest","nodeName":"Fetch: Service Catalog1","nodeId":"7e103521-1771-444c-b4f9-42143be9cd91"}}
{"__type":"$$EventMessageConfirm","confirm":"17dfdeba-af6f-4111-932b-d80abd21c841","ts":"2025-12-04T01:53:52.103-05:00","source":{"id":"0","name":"eventBus"}}
{"__type":"$$EventMessageWorkflow","id":"a04414e3-f13e-4a3a-b6d2-35021db6f9a6","ts":"2025-12-04T01:53:52.109-05:00","eventName":"n8n.workflow.success","message":"n8n.workflow.success","payload":{"userId":"bd3a5b30-745c-4820-a59a-60954efae6a4","executionId":"14","success":true,"isManual":true,"workflowId":"pzpEPfUntRVDuVKd","workflowName":"SAP Metadata Intelligence Scanner"}}
{"__type":"$$EventMessageConfirm","confirm":"a04414e3-f13e-4a3a-b6d2-35021db6f9a6","ts":"2025-12-04T01:53:52.109-05:00","source":{"id":"0","name":"eventBus"}}
{"__type":"$$EventMessageWorkflow","id":"126a2400-b19f-46c5-b8f6-1756524bef24","ts":"2025-12-04T02:00:53.011-05:00","eventName":"n8n.workflow.started","message":"n8n.workflow.started","payload":{"executionId":"15","workflowId":"pzpEPfUntRVDuVKd","isManual":false,"workflowName":"SAP Service Entity Scanner"}}
{"__type":"$$EventMessageConfirm","confirm":"126a2400-b19f-46c5-b8f6-1756524bef24","ts":"2025-12-04T02:00:53.011-05:00","source":{"id":"0","name":"eventBus"}}
{"__type":"$$EventMessageNode","id":"1176f0c4-0a18-4b74-81d9-f2b151bf018d","ts":"2025-12-04T02:00:53.012-05:00","eventName":"n8n.node.started","message":"n8n.node.started","payload":{"workflowId":"pzpEPfUntRVDuVKd","workflowName":"SAP Service Entity Scanner","executionId":"15","nodeType":"n8n-nodes-base.manualTrigger","nodeName":"Manual Trigger","nodeId":"817014e7-d25c-4353-aed0-dbc42defa268"}}
{"__type":"$$EventMessageConfirm","confirm":"1176f0c4-0a18-4b74-81d9-f2b151bf018d","ts":"2025-12-04T02:00:53.013-05:00","source":{"id":"0","name":"eventBus"}}
{"__type":"$$EventMessageNode","id":"44768d5c-1aae-4ea9-961b-f23ac4368b58","ts":"2025-12-04T02:00:53.042-05:00","eventName":"n8n.node.finished","message":"n8n.node.finished","payload":{"workflowId":"pzpEPfUntRVDuVKd","workflowName":"SAP Service Entity Scanner","executionId":"15","nodeType":"n8n-nodes-base.manualTrigger","nodeName":"Manual Trigger","nodeId":"817014e7-d25c-4353-aed0-dbc42defa268"}}
{"__type":"$$EventMessageConfirm","confirm":"44768d5c-1aae-4ea9-961b-f23ac4368b58","ts":"2025-12-04T02:00:53.042-05:00","source":{"id":"0","name":"eventBus"}}
{"__type":"$$EventMessageNode","id":"6f91d6d7-5aa7-443d-8485-381d213d6a81","ts":"2025-12-04T02:00:53.044-05:00","eventName":"n8n.node.started","message":"n8n.node.started","payload":{"workflowId":"pzpEPfUntRVDuVKd","workflowName":"SAP Service Entity Scanner","executionId":"15","nodeType":"n8n-nodes-base.postgres","nodeName":"Fetch: My Services from DB","nodeId":"d550e955-b1cf-4e87-bc51-ca732c62c003"}}
{"__type":"$$EventMessageConfirm","confirm":"6f91d6d7-5aa7-443d-8485-381d213d6a81","ts":"2025-12-04T02:00:53.044-05:00","source":{"id":"0","name":"eventBus"}}
{"__type":"$$EventMessageNode","id":"a607cbb4-2612-4dce-8afa-32ddc82293e4","ts":"2025-12-04T02:00:53.898-05:00","eventName":"n8n.node.finished","message":"n8n.node.finished","payload":{"workflowId":"pzpEPfUntRVDuVKd","workflowName":"SAP Service Entity Scanner","executionId":"15","nodeType":"n8n-nodes-base.postgres","nodeName":"Fetch: My Services from DB","nodeId":"d550e955-b1cf-4e87-bc51-ca732c62c003"}}
{"__type":"$$EventMessageConfirm","confirm":"a607cbb4-2612-4dce-8afa-32ddc82293e4","ts":"2025-12-04T02:00:53.898-05:00","source":{"id":"0","name":"eventBus"}}
{"__type":"$$EventMessageWorkflow","id":"d5c23579-6ff1-4a41-b271-da0ef1eb263c","ts":"2025-12-04T02:00:53.903-05:00","eventName":"n8n.workflow.success","message":"n8n.workflow.success","payload":{"userId":"bd3a5b30-745c-4820-a59a-60954efae6a4","executionId":"15","success":true,"isManual":true,"workflowId":"pzpEPfUntRVDuVKd","workflowName":"SAP Service Entity Scanner"}}
{"__type":"$$EventMessageConfirm","confirm":"d5c23579-6ff1-4a41-b271-da0ef1eb263c","ts":"2025-12-04T02:00:53.903-05:00","source":{"id":"0","name":"eventBus"}}
{"__type":"$$EventMessageWorkflow","id":"26b5ef56-73df-4b1e-bc83-41182691d15f","ts":"2025-12-04T02:03:08.623-05:00","eventName":"n8n.workflow.started","message":"n8n.workflow.started","payload":{"executionId":"16","workflowId":"pzpEPfUntRVDuVKd","isManual":false,"workflowName":"SAP Service Entity Scanner"}}
{"__type":"$$EventMessageConfirm","confirm":"26b5ef56-73df-4b1e-bc83-41182691d15f","ts":"2025-12-04T02:03:08.623-05:00","source":{"id":"0","name":"eventBus"}}
{"__type":"$$EventMessageNode","id":"5f42abba-8fe2-49e8-92a7-e89e3451bd04","ts":"2025-12-04T02:03:08.625-05:00","eventName":"n8n.node.started","message":"n8n.node.started","payload":{"workflowId":"pzpEPfUntRVDuVKd","workflowName":"SAP Service Entity Scanner","executionId":"16","nodeType":"n8n-nodes-base.postgres","nodeName":"Fetch: My Services from DB","nodeId":"d550e955-b1cf-4e87-bc51-ca732c62c003"}}
{"__type":"$$EventMessageConfirm","confirm":"5f42abba-8fe2-49e8-92a7-e89e3451bd04","ts":"2025-12-04T02:03:08.625-05:00","source":{"id":"0","name":"eventBus"}}
{"__type":"$$EventMessageNode","id":"88490c6b-44db-4cc3-8ac0-a2559d1bc8ca","ts":"2025-12-04T02:03:08.706-05:00","eventName":"n8n.node.finished","message":"n8n.node.finished","payload":{"workflowId":"pzpEPfUntRVDuVKd","workflowName":"SAP Service Entity Scanner","executionId":"16","nodeType":"n8n-nodes-base.postgres","nodeName":"Fetch: My Services from DB","nodeId":"d550e955-b1cf-4e87-bc51-ca732c62c003"}}
{"__type":"$$EventMessageConfirm","confirm":"88490c6b-44db-4cc3-8ac0-a2559d1bc8ca","ts":"2025-12-04T02:03:08.706-05:00","source":{"id":"0","name":"eventBus"}}
{"__type":"$$EventMessageWorkflow","id":"820fbb4d-3f9c-4585-9e83-6ed632fda6ab","ts":"2025-12-04T02:03:08.709-05:00","eventName":"n8n.workflow.success","message":"n8n.workflow.success","payload":{"userId":"bd3a5b30-745c-4820-a59a-60954efae6a4","executionId":"16","success":true,"isManual":true,"workflowId":"pzpEPfUntRVDuVKd","workflowName":"SAP Service Entity Scanner"}}
{"__type":"$$EventMessageConfirm","confirm":"820fbb4d-3f9c-4585-9e83-6ed632fda6ab","ts":"2025-12-04T02:03:08.709-05:00","source":{"id":"0","name":"eventBus"}}
