{"__type":"$$EventMessageExecution","id":"b3c89106-fe87-4836-a47e-2097dd54747d","ts":"2025-12-08T07:08:30.247+00:00","eventName":"n8n.execution.started-during-bootup","message":"n8n.execution.started-during-bootup","payload":{"executionId":"18"}}
{"__type":"$$EventMessageConfirm","confirm":"b3c89106-fe87-4836-a47e-2097dd54747d","ts":"2025-12-08T07:08:30.248+00:00","source":{"id":"0","name":"eventBus"}}
{"__type":"$$EventMessageExecution","id":"c73af7c7-a024-4a02-b987-a864bcae6f18","ts":"2025-12-08T07:08:30.389+00:00","eventName":"n8n.execution.started-during-bootup","message":"n8n.execution.started-during-bootup","payload":{"executionId":"21"}}
{"__type":"$$EventMessageConfirm","confirm":"c73af7c7-a024-4a02-b987-a864bcae6f18","ts":"2025-12-08T07:08:30.389+00:00","source":{"id":"0","name":"eventBus"}}
{"__type":"$$EventMessageExecution","id":"34d24b25-7c33-497e-a36e-542ccca7d86a","ts":"2025-12-08T07:08:30.390+00:00","eventName":"n8n.execution.started-during-bootup","message":"n8n.execution.started-during-bootup","payload":{"executionId":"30"}}
{"__type":"$$EventMessageConfirm","confirm":"34d24b25-7c33-497e-a36e-542ccca7d86a","ts":"2025-12-08T07:08:30.390+00:00","source":{"id":"0","name":"eventBus"}}
{"__type":"$$EventMessageExecution","id":"6f248573-71e9-41f8-b8cd-ecc7e031a000","ts":"2025-12-08T07:08:30.391+00:00","eventName":"n8n.execution.started-during-bootup","message":"n8n.execution.started-during-bootup","payload":{"executionId":"33"}}
{"__type":"$$EventMessageConfirm","confirm":"6f248573-71e9-41f8-b8cd-ecc7e031a000","ts":"2025-12-08T07:08:30.391+00:00","source":{"id":"0","name":"eventBus"}}
{"__type":"$$EventMessageExecution","id":"ddb94b8d-c4c1-4e32-85fb-cdc1bc33e876","ts":"2025-12-08T07:08:30.392+00:00","eventName":"n8n.execution.started-during-bootup","message":"n8n.execution.started-during-bootup","payload":{"executionId":"39"}}
{"__type":"$$EventMessageConfirm","confirm":"ddb94b8d-c4c1-4e32-85fb-cdc1bc33e876","ts":"2025-12-08T07:08:30.393+00:00","source":{"id":"0","name":"eventBus"}}
{"__type":"$$EventMessageNode","id":"57dbea69-0680-4b40-86f5-c3788f067836","ts":"2025-12-08T07:08:32.840+00:00","eventName":"n8n.node.started","message":"n8n.node.started","payload":{"workflowId":"pzpEPfUntRVDuVKd","workflowName":"REAL: Extract OData Services (Catalog)","executionId":"18","nodeType":"n8n-nodes-base.manualTrigger","nodeName":"Manual Trigger","nodeId":"817014e7-d25c-4353-aed0-dbc42defa268"}}
{"__type":"$$EventMessageConfirm","confirm":"57dbea69-0680-4b40-86f5-c3788f067836","ts":"2025-12-08T07:08:32.840+00:00","source":{"id":"0","name":"eventBus"}}
{"__type":"$$EventMessageNode","id":"3c7b06b9-54bd-43b5-a68e-bae450a8c60b","ts":"2025-12-08T07:08:32.843+00:00","eventName":"n8n.node.finished","message":"n8n.node.finished","payload":{"workflowId":"pzpEPfUntRVDuVKd","workflowName":"REAL: Extract OData Services (Catalog)","executionId":"18","nodeType":"n8n-nodes-base.manualTrigger","nodeName":"Manual Trigger","nodeId":"817014e7-d25c-4353-aed0-dbc42defa268"}}
{"__type":"$$EventMessageConfirm","confirm":"3c7b06b9-54bd-43b5-a68e-bae450a8c60b","ts":"2025-12-08T07:08:32.843+00:00","source":{"id":"0","name":"eventBus"}}
{"__type":"$$EventMessageNode","id":"71556030-8b50-4fae-aa93-7d48519b7c16","ts":"2025-12-08T07:08:32.843+00:00","eventName":"n8n.node.started","message":"n8n.node.started","payload":{"workflowId":"pzpEPfUntRVDuVKd","workflowName":"REAL: Extract OData Services (Catalog)","executionId":"18","nodeType":"n8n-nodes-base.httpRequest","nodeName":"Fetch: Service Catalog","nodeId":"03f57325-c669-4728-973b-70a953b470e1"}}
{"__type":"$$EventMessageConfirm","confirm":"71556030-8b50-4fae-aa93-7d48519b7c16","ts":"2025-12-08T07:08:32.843+00:00","source":{"id":"0","name":"eventBus"}}
{"__type":"$$EventMessageNode","id":"4f81f971-2d06-4461-8ec5-db2a6c92ad91","ts":"2025-12-08T07:08:32.848+00:00","eventName":"n8n.node.started","message":"n8n.node.started","payload":{"workflowId":"pzpEPfUntRVDuVKd","workflowName":"REAL: Extract Table Fields (DD03L)","executionId":"39","nodeType":"n8n-nodes-base.manualTrigger","nodeName":"Manual Trigger","nodeId":"817014e7-d25c-4353-aed0-dbc42defa268"}}
{"__type":"$$EventMessageConfirm","confirm":"4f81f971-2d06-4461-8ec5-db2a6c92ad91","ts":"2025-12-08T07:08:32.848+00:00","source":{"id":"0","name":"eventBus"}}
{"__type":"$$EventMessageNode","id":"b307b097-9079-49dd-8938-fb37ed8a0519","ts":"2025-12-08T07:08:32.848+00:00","eventName":"n8n.node.finished","message":"n8n.node.finished","payload":{"workflowId":"pzpEPfUntRVDuVKd","workflowName":"REAL: Extract Table Fields (DD03L)","executionId":"39","nodeType":"n8n-nodes-base.manualTrigger","nodeName":"Manual Trigger","nodeId":"817014e7-d25c-4353-aed0-dbc42defa268"}}
{"__type":"$$EventMessageConfirm","confirm":"b307b097-9079-49dd-8938-fb37ed8a0519","ts":"2025-12-08T07:08:32.848+00:00","source":{"id":"0","name":"eventBus"}}
{"__type":"$$EventMessageNode","id":"12642e6c-eaea-4fd8-a2d2-4cb9a08bc581","ts":"2025-12-08T07:08:32.849+00:00","eventName":"n8n.node.started","message":"n8n.node.started","payload":{"workflowId":"pzpEPfUntRVDuVKd","workflowName":"REAL: Extract Table Fields (DD03L)","executionId":"39","nodeType":"n8n-nodes-base.httpRequest","nodeName":"RFC: Read DD02L","nodeId":"6162d72d-b98a-4efa-aeb7-8e0a98705a6a"}}
{"__type":"$$EventMessageConfirm","confirm":"12642e6c-eaea-4fd8-a2d2-4cb9a08bc581","ts":"2025-12-08T07:08:32.849+00:00","source":{"id":"0","name":"eventBus"}}
{"__type":"$$EventMessageNode","id":"4ebe97cd-d130-4e71-baa1-c0539f18bb05","ts":"2025-12-08T07:08:32.851+00:00","eventName":"n8n.node.started","message":"n8n.node.started","payload":{"workflowId":"pzpEPfUntRVDuVKd","workflowName":"REAL: Extract Table Fields (DD03L)","executionId":"33","nodeType":"n8n-nodes-base.manualTrigger","nodeName":"Manual Trigger","nodeId":"817014e7-d25c-4353-aed0-dbc42defa268"}}
{"__type":"$$EventMessageConfirm","confirm":"4ebe97cd-d130-4e71-baa1-c0539f18bb05","ts":"2025-12-08T07:08:32.851+00:00","source":{"id":"0","name":"eventBus"}}
{"__type":"$$EventMessageNode","id":"4a2fb035-1b7c-46f9-aa3d-5f6edcfd24c8","ts":"2025-12-08T07:08:32.851+00:00","eventName":"n8n.node.finished","message":"n8n.node.finished","payload":{"workflowId":"pzpEPfUntRVDuVKd","workflowName":"REAL: Extract Table Fields (DD03L)","executionId":"33","nodeType":"n8n-nodes-base.manualTrigger","nodeName":"Manual Trigger","nodeId":"817014e7-d25c-4353-aed0-dbc42defa268"}}
{"__type":"$$EventMessageConfirm","confirm":"4a2fb035-1b7c-46f9-aa3d-5f6edcfd24c8","ts":"2025-12-08T07:08:32.851+00:00","source":{"id":"0","name":"eventBus"}}
{"__type":"$$EventMessageNode","id":"2d3abf33-785e-419d-acee-7d96d2a17acc","ts":"2025-12-08T07:08:32.851+00:00","eventName":"n8n.node.started","message":"n8n.node.started","payload":{"workflowId":"pzpEPfUntRVDuVKd","workflowName":"REAL: Extract Table Fields (DD03L)","executionId":"33","nodeType":"n8n-nodes-base.httpRequest","nodeName":"SOAP Call to SAP","nodeId":"f8843821-75f4-4895-a274-b33aa62419b8"}}
{"__type":"$$EventMessageConfirm","confirm":"2d3abf33-785e-419d-acee-7d96d2a17acc","ts":"2025-12-08T07:08:32.851+00:00","source":{"id":"0","name":"eventBus"}}
{"__type":"$$EventMessageNode","id":"55f24b9d-90d7-433b-aad4-3f043709f5bd","ts":"2025-12-08T07:08:32.853+00:00","eventName":"n8n.node.started","message":"n8n.node.started","payload":{"workflowId":"pzpEPfUntRVDuVKd","workflowName":"REAL: Extract Table Fields (DD03L)","executionId":"30","nodeType":"n8n-nodes-base.manualTrigger","nodeName":"Manual Trigger","nodeId":"817014e7-d25c-4353-aed0-dbc42defa268"}}
{"__type":"$$EventMessageConfirm","confirm":"55f24b9d-90d7-433b-aad4-3f043709f5bd","ts":"2025-12-08T07:08:32.853+00:00","source":{"id":"0","name":"eventBus"}}
{"__type":"$$EventMessageNode","id":"9d4d85b4-b81e-4a0e-a8c3-7fc1dbde15a7","ts":"2025-12-08T07:08:32.853+00:00","eventName":"n8n.node.finished","message":"n8n.node.finished","payload":{"workflowId":"pzpEPfUntRVDuVKd","workflowName":"REAL: Extract Table Fields (DD03L)","executionId":"30","nodeType":"n8n-nodes-base.manualTrigger","nodeName":"Manual Trigger","nodeId":"817014e7-d25c-4353-aed0-dbc42defa268"}}
{"__type":"$$EventMessageConfirm","confirm":"9d4d85b4-b81e-4a0e-a8c3-7fc1dbde15a7","ts":"2025-12-08T07:08:32.853+00:00","source":{"id":"0","name":"eventBus"}}
{"__type":"$$EventMessageNode","id":"8ceb3bd5-63bf-45ff-99aa-7ddb94d0853a","ts":"2025-12-08T07:08:32.854+00:00","eventName":"n8n.node.started","message":"n8n.node.started","payload":{"workflowId":"pzpEPfUntRVDuVKd","workflowName":"REAL: Extract Table Fields (DD03L)","executionId":"30","nodeType":"n8n-nodes-base.code","nodeName":"Call SAP RFC_READ_TABLE","nodeId":"9dcd4689-119e-4059-a25b-f01eb6e2971e"}}
{"__type":"$$EventMessageConfirm","confirm":"8ceb3bd5-63bf-45ff-99aa-7ddb94d0853a","ts":"2025-12-08T07:08:32.854+00:00","source":{"id":"0","name":"eventBus"}}
{"__type":"$$EventMessageNode","id":"493ee547-aab3-47a6-a252-6ff003c889d8","ts":"2025-12-08T02:08:32.899-05:00","eventName":"n8n.node.finished","message":"n8n.node.finished","payload":{"workflowId":"pzpEPfUntRVDuVKd","workflowName":"REAL: Extract Table Fields (DD03L)","executionId":"30","nodeType":"n8n-nodes-base.code","nodeName":"Call SAP RFC_READ_TABLE","nodeId":"9dcd4689-119e-4059-a25b-f01eb6e2971e"}}
{"__type":"$$EventMessageConfirm","confirm":"493ee547-aab3-47a6-a252-6ff003c889d8","ts":"2025-12-08T02:08:32.899-05:00","source":{"id":"0","name":"eventBus"}}
{"__type":"$$EventMessageWorkflow","id":"c05cb95c-b8ee-4b3b-938f-860face7004f","ts":"2025-12-08T02:08:32.908-05:00","eventName":"n8n.workflow.failed","message":"n8n.workflow.failed","payload":{"executionId":"30","success":false,"isManual":true,"workflowId":"pzpEPfUntRVDuVKd","workflowName":"REAL: Extract Table Fields (DD03L)","lastNodeExecuted":"Call SAP RFC_READ_TABLE","errorNodeType":"n8n-nodes-base.code","errorMessage":"$http is not defined [line 45]"}}
{"__type":"$$EventMessageConfirm","confirm":"c05cb95c-b8ee-4b3b-938f-860face7004f","ts":"2025-12-08T02:08:32.909-05:00","source":{"id":"0","name":"eventBus"}}
{"__type":"$$EventMessageNode","id":"1dc21c8e-1cec-4368-a5f8-2722f81ed3f6","ts":"2025-12-08T02:08:32.919-05:00","eventName":"n8n.node.started","message":"n8n.node.started","payload":{"workflowId":"pzpEPfUntRVDuVKd","workflowName":"REAL: Extract SAP Tables (DD02L)","executionId":"21","nodeType":"n8n-nodes-base.manualTrigger","nodeName":"Manual Trigger","nodeId":"817014e7-d25c-4353-aed0-dbc42defa268"}}
{"__type":"$$EventMessageConfirm","confirm":"1dc21c8e-1cec-4368-a5f8-2722f81ed3f6","ts":"2025-12-08T02:08:32.919-05:00","source":{"id":"0","name":"eventBus"}}
{"__type":"$$EventMessageNode","id":"c819f002-8914-4bdb-a579-955f56da7de6","ts":"2025-12-08T02:08:32.920-05:00","eventName":"n8n.node.finished","message":"n8n.node.finished","payload":{"workflowId":"pzpEPfUntRVDuVKd","workflowName":"REAL: Extract SAP Tables (DD02L)","executionId":"21","nodeType":"n8n-nodes-base.manualTrigger","nodeName":"Manual Trigger","nodeId":"817014e7-d25c-4353-aed0-dbc42defa268"}}
{"__type":"$$EventMessageConfirm","confirm":"c819f002-8914-4bdb-a579-955f56da7de6","ts":"2025-12-08T02:08:32.920-05:00","source":{"id":"0","name":"eventBus"}}
{"__type":"$$EventMessageNode","id":"dab24f95-4d72-48a6-8cee-b42871a7d97c","ts":"2025-12-08T02:08:32.920-05:00","eventName":"n8n.node.started","message":"n8n.node.started","payload":{"workflowId":"pzpEPfUntRVDuVKd","workflowName":"REAL: Extract SAP Tables (DD02L)","executionId":"21","nodeType":"n8n-nodes-base.httpRequest","nodeName":"RFC: Read DD02L","nodeId":"6162d72d-b98a-4efa-aeb7-8e0a98705a6a"}}
{"__type":"$$EventMessageConfirm","confirm":"dab24f95-4d72-48a6-8cee-b42871a7d97c","ts":"2025-12-08T02:08:32.920-05:00","source":{"id":"0","name":"eventBus"}}
{"__type":"$$EventMessageNode","id":"538a6f45-f9fe-4483-b9ab-0587032cc51b","ts":"2025-12-08T02:08:34.240-05:00","eventName":"n8n.node.finished","message":"n8n.node.finished","payload":{"workflowId":"pzpEPfUntRVDuVKd","workflowName":"REAL: Extract SAP Tables (DD02L)","executionId":"21","nodeType":"n8n-nodes-base.httpRequest","nodeName":"RFC: Read DD02L","nodeId":"6162d72d-b98a-4efa-aeb7-8e0a98705a6a"}}
{"__type":"$$EventMessageConfirm","confirm":"538a6f45-f9fe-4483-b9ab-0587032cc51b","ts":"2025-12-08T02:08:34.240-05:00","source":{"id":"0","name":"eventBus"}}
{"__type":"$$EventMessageNode","id":"ae7a0087-2cd8-41d2-a568-d10fb6081728","ts":"2025-12-08T02:08:34.241-05:00","eventName":"n8n.node.started","message":"n8n.node.started","payload":{"workflowId":"pzpEPfUntRVDuVKd","workflowName":"REAL: Extract SAP Tables (DD02L)","executionId":"21","nodeType":"n8n-nodes-base.code","nodeName":"Parse Tables","nodeId":"89bbd466-8931-486f-af70-77f43ffb6a10"}}
{"__type":"$$EventMessageConfirm","confirm":"ae7a0087-2cd8-41d2-a568-d10fb6081728","ts":"2025-12-08T02:08:34.241-05:00","source":{"id":"0","name":"eventBus"}}
{"__type":"$$EventMessageNode","id":"37674a12-f32f-458b-b258-34761f7647e5","ts":"2025-12-08T02:08:34.257-05:00","eventName":"n8n.node.finished","message":"n8n.node.finished","payload":{"workflowId":"pzpEPfUntRVDuVKd","workflowName":"REAL: Extract SAP Tables (DD02L)","executionId":"21","nodeType":"n8n-nodes-base.code","nodeName":"Parse Tables","nodeId":"89bbd466-8931-486f-af70-77f43ffb6a10"}}
{"__type":"$$EventMessageConfirm","confirm":"37674a12-f32f-458b-b258-34761f7647e5","ts":"2025-12-08T02:08:34.257-05:00","source":{"id":"0","name":"eventBus"}}
{"__type":"$$EventMessageWorkflow","id":"9ba74a6f-35fb-4e89-aa55-4e962c599f53","ts":"2025-12-08T02:08:34.268-05:00","eventName":"n8n.workflow.success","message":"n8n.workflow.success","payload":{"executionId":"21","success":true,"isManual":true,"workflowId":"pzpEPfUntRVDuVKd","workflowName":"REAL: Extract SAP Tables (DD02L)"}}
{"__type":"$$EventMessageConfirm","confirm":"9ba74a6f-35fb-4e89-aa55-4e962c599f53","ts":"2025-12-08T02:08:34.268-05:00","source":{"id":"0","name":"eventBus"}}
{"__type":"$$EventMessageNode","id":"af2afe02-7059-496d-88a0-3491f1183660","ts":"2025-12-08T02:08:34.272-05:00","eventName":"n8n.node.finished","message":"n8n.node.finished","payload":{"workflowId":"pzpEPfUntRVDuVKd","workflowName":"REAL: Extract Table Fields (DD03L)","executionId":"39","nodeType":"n8n-nodes-base.httpRequest","nodeName":"RFC: Read DD02L","nodeId":"6162d72d-b98a-4efa-aeb7-8e0a98705a6a"}}
{"__type":"$$EventMessageConfirm","confirm":"af2afe02-7059-496d-88a0-3491f1183660","ts":"2025-12-08T02:08:34.272-05:00","source":{"id":"0","name":"eventBus"}}
{"__type":"$$EventMessageNode","id":"f1919c4f-b023-427f-96e9-967820659ab6","ts":"2025-12-08T02:08:34.273-05:00","eventName":"n8n.node.started","message":"n8n.node.started","payload":{"workflowId":"pzpEPfUntRVDuVKd","workflowName":"REAL: Extract Table Fields (DD03L)","executionId":"39","nodeType":"n8n-nodes-base.code","nodeName":"Parse Tables","nodeId":"89bbd466-8931-486f-af70-77f43ffb6a10"}}
{"__type":"$$EventMessageConfirm","confirm":"f1919c4f-b023-427f-96e9-967820659ab6","ts":"2025-12-08T02:08:34.273-05:00","source":{"id":"0","name":"eventBus"}}
{"__type":"$$EventMessageNode","id":"45136479-e7e9-4c33-919b-c9b3697ff934","ts":"2025-12-08T02:08:34.281-05:00","eventName":"n8n.node.finished","message":"n8n.node.finished","payload":{"workflowId":"pzpEPfUntRVDuVKd","workflowName":"REAL: Extract Table Fields (DD03L)","executionId":"39","nodeType":"n8n-nodes-base.code","nodeName":"Parse Tables","nodeId":"89bbd466-8931-486f-af70-77f43ffb6a10"}}
{"__type":"$$EventMessageConfirm","confirm":"45136479-e7e9-4c33-919b-c9b3697ff934","ts":"2025-12-08T02:08:34.281-05:00","source":{"id":"0","name":"eventBus"}}
{"__type":"$$EventMessageWorkflow","id":"19b6cd29-1455-4b9c-b592-dff7991ee0ff","ts":"2025-12-08T02:08:34.291-05:00","eventName":"n8n.workflow.success","message":"n8n.workflow.success","payload":{"executionId":"39","success":true,"isManual":true,"workflowId":"pzpEPfUntRVDuVKd","workflowName":"REAL: Extract Table Fields (DD03L)"}}
{"__type":"$$EventMessageConfirm","confirm":"19b6cd29-1455-4b9c-b592-dff7991ee0ff","ts":"2025-12-08T02:08:34.291-05:00","source":{"id":"0","name":"eventBus"}}
{"__type":"$$EventMessageNode","id":"da274892-07c0-4655-baf8-00607dcd4eb8","ts":"2025-12-08T02:08:34.393-05:00","eventName":"n8n.node.finished","message":"n8n.node.finished","payload":{"workflowId":"pzpEPfUntRVDuVKd","workflowName":"REAL: Extract Table Fields (DD03L)","executionId":"33","nodeType":"n8n-nodes-base.httpRequest","nodeName":"SOAP Call to SAP","nodeId":"f8843821-75f4-4895-a274-b33aa62419b8"}}
{"__type":"$$EventMessageConfirm","confirm":"da274892-07c0-4655-baf8-00607dcd4eb8","ts":"2025-12-08T02:08:34.393-05:00","source":{"id":"0","name":"eventBus"}}
{"__type":"$$EventMessageWorkflow","id":"d7ab9875-abf1-49f5-87a9-792d0cf32a00","ts":"2025-12-08T02:08:34.398-05:00","eventName":"n8n.workflow.failed","message":"n8n.workflow.failed","payload":{"executionId":"33","success":false,"isManual":true,"workflowId":"pzpEPfUntRVDuVKd","workflowName":"REAL: Extract Table Fields (DD03L)","lastNodeExecuted":"SOAP Call to SAP","errorNodeType":"n8n-nodes-base.httpRequest","errorMessage":"The service was not able to process your request"}}
{"__type":"$$EventMessageConfirm","confirm":"d7ab9875-abf1-49f5-87a9-792d0cf32a00","ts":"2025-12-08T02:08:34.398-05:00","source":{"id":"0","name":"eventBus"}}
{"__type":"$$EventMessageNode","id":"7ad0fae5-f1e6-466c-a13f-62710e3b02f1","ts":"2025-12-08T02:08:35.789-05:00","eventName":"n8n.node.finished","message":"n8n.node.finished","payload":{"workflowId":"pzpEPfUntRVDuVKd","workflowName":"REAL: Extract OData Services (Catalog)","executionId":"18","nodeType":"n8n-nodes-base.httpRequest","nodeName":"Fetch: Service Catalog","nodeId":"03f57325-c669-4728-973b-70a953b470e1"}}
{"__type":"$$EventMessageConfirm","confirm":"7ad0fae5-f1e6-466c-a13f-62710e3b02f1","ts":"2025-12-08T02:08:35.789-05:00","source":{"id":"0","name":"eventBus"}}
{"__type":"$$EventMessageNode","id":"b40f2434-9e3a-4674-9f72-5f4a757fed1b","ts":"2025-12-08T02:08:35.789-05:00","eventName":"n8n.node.started","message":"n8n.node.started","payload":{"workflowId":"pzpEPfUntRVDuVKd","workflowName":"REAL: Extract OData Services (Catalog)","executionId":"18","nodeType":"n8n-nodes-base.code","nodeName":"Parse: Service Data","nodeId":"1affcf24-e9bc-41a9-8890-74fcc2e653ed"}}
{"__type":"$$EventMessageConfirm","confirm":"b40f2434-9e3a-4674-9f72-5f4a757fed1b","ts":"2025-12-08T02:08:35.789-05:00","source":{"id":"0","name":"eventBus"}}
{"__type":"$$EventMessageNode","id":"880b00f3-9d4a-4988-8517-987e6411cbc7","ts":"2025-12-08T02:08:36.197-05:00","eventName":"n8n.node.finished","message":"n8n.node.finished","payload":{"workflowId":"pzpEPfUntRVDuVKd","workflowName":"REAL: Extract OData Services (Catalog)","executionId":"18","nodeType":"n8n-nodes-base.code","nodeName":"Parse: Service Data","nodeId":"1affcf24-e9bc-41a9-8890-74fcc2e653ed"}}
{"__type":"$$EventMessageConfirm","confirm":"880b00f3-9d4a-4988-8517-987e6411cbc7","ts":"2025-12-08T02:08:36.197-05:00","source":{"id":"0","name":"eventBus"}}
{"__type":"$$EventMessageNode","id":"981f676b-92f2-4b28-8231-03b021ab9f7d","ts":"2025-12-08T02:08:36.216-05:00","eventName":"n8n.node.started","message":"n8n.node.started","payload":{"workflowId":"pzpEPfUntRVDuVKd","workflowName":"REAL: Extract OData Services (Catalog)","executionId":"18","nodeType":"n8n-nodes-base.postgres","nodeName":"Save: Services to DB","nodeId":"8452ba3e-b8ee-4241-a3f9-3a417302acb9"}}
{"__type":"$$EventMessageConfirm","confirm":"981f676b-92f2-4b28-8231-03b021ab9f7d","ts":"2025-12-08T02:08:36.216-05:00","source":{"id":"0","name":"eventBus"}}
{"__type":"$$EventMessageNode","id":"30d7e867-aba7-407f-9536-593b51fe01b5","ts":"2025-12-08T02:08:38.128-05:00","eventName":"n8n.node.finished","message":"n8n.node.finished","payload":{"workflowId":"pzpEPfUntRVDuVKd","workflowName":"REAL: Extract OData Services (Catalog)","executionId":"18","nodeType":"n8n-nodes-base.postgres","nodeName":"Save: Services to DB","nodeId":"8452ba3e-b8ee-4241-a3f9-3a417302acb9"}}
{"__type":"$$EventMessageConfirm","confirm":"30d7e867-aba7-407f-9536-593b51fe01b5","ts":"2025-12-08T02:08:38.129-05:00","source":{"id":"0","name":"eventBus"}}
{"__type":"$$EventMessageWorkflow","id":"a097f040-c198-499d-a2e6-5cc270d8dc83","ts":"2025-12-08T02:08:38.138-05:00","eventName":"n8n.workflow.failed","message":"n8n.workflow.failed","payload":{"executionId":"18","success":false,"isManual":true,"workflowId":"pzpEPfUntRVDuVKd","workflowName":"REAL: Extract OData Services (Catalog)","lastNodeExecuted":"Save: Services to DB","errorNodeType":"n8n-nodes-base.postgres","errorMessage":"column \"system_id\" is of type uuid but expression is of type integer"}}
{"__type":"$$EventMessageConfirm","confirm":"a097f040-c198-499d-a2e6-5cc270d8dc83","ts":"2025-12-08T02:08:38.138-05:00","source":{"id":"0","name":"eventBus"}}
{"__type":"$$EventMessageWorkflow","id":"ae5963f9-168b-4457-bd33-ba6bb3709b91","ts":"2025-12-08T02:24:26.259-05:00","eventName":"n8n.workflow.started","message":"n8n.workflow.started","payload":{"executionId":"59","workflowId":"pzpEPfUntRVDuVKd","isManual":false,"workflowName":"SAP Intelligence Scanner with Error Tracking"}}
{"__type":"$$EventMessageConfirm","confirm":"ae5963f9-168b-4457-bd33-ba6bb3709b91","ts":"2025-12-08T02:24:26.259-05:00","source":{"id":"0","name":"eventBus"}}
{"__type":"$$EventMessageNode","id":"059cec5b-c756-464d-9151-309feb64ae15","ts":"2025-12-08T02:24:26.261-05:00","eventName":"n8n.node.started","message":"n8n.node.started","payload":{"workflowId":"pzpEPfUntRVDuVKd","workflowName":"SAP Intelligence Scanner with Error Tracking","executionId":"59","nodeType":"n8n-nodes-base.manualTrigger","nodeName":"Manual Trigger","nodeId":"817014e7-d25c-4353-aed0-dbc42defa268"}}
{"__type":"$$EventMessageConfirm","confirm":"059cec5b-c756-464d-9151-309feb64ae15","ts":"2025-12-08T02:24:26.261-05:00","source":{"id":"0","name":"eventBus"}}
{"__type":"$$EventMessageNode","id":"371e0ffb-c181-49bc-a8f2-b532e9f60b2b","ts":"2025-12-08T02:24:26.263-05:00","eventName":"n8n.node.finished","message":"n8n.node.finished","payload":{"workflowId":"pzpEPfUntRVDuVKd","workflowName":"SAP Intelligence Scanner with Error Tracking","executionId":"59","nodeType":"n8n-nodes-base.manualTrigger","nodeName":"Manual Trigger","nodeId":"817014e7-d25c-4353-aed0-dbc42defa268"}}
{"__type":"$$EventMessageConfirm","confirm":"371e0ffb-c181-49bc-a8f2-b532e9f60b2b","ts":"2025-12-08T02:24:26.263-05:00","source":{"id":"0","name":"eventBus"}}
{"__type":"$$EventMessageNode","id":"24272477-72bf-460a-9031-04d74255797f","ts":"2025-12-08T02:24:26.264-05:00","eventName":"n8n.node.started","message":"n8n.node.started","payload":{"workflowId":"pzpEPfUntRVDuVKd","workflowName":"SAP Intelligence Scanner with Error Tracking","executionId":"59","nodeType":"n8n-nodes-base.httpRequest","nodeName":"1. Fetch Service Catalog","nodeId":"0a029aeb-1a22-4176-b829-c0d9013b4abe"}}
{"__type":"$$EventMessageConfirm","confirm":"24272477-72bf-460a-9031-04d74255797f","ts":"2025-12-08T02:24:26.264-05:00","source":{"id":"0","name":"eventBus"}}
{"__type":"$$EventMessageNode","id":"c01a59b4-04b4-4fa1-a3cf-7db3bea07540","ts":"2025-12-08T02:24:26.935-05:00","eventName":"n8n.node.finished","message":"n8n.node.finished","payload":{"workflowId":"pzpEPfUntRVDuVKd","workflowName":"SAP Intelligence Scanner with Error Tracking","executionId":"59","nodeType":"n8n-nodes-base.httpRequest","nodeName":"1. Fetch Service Catalog","nodeId":"0a029aeb-1a22-4176-b829-c0d9013b4abe"}}
{"__type":"$$EventMessageConfirm","confirm":"c01a59b4-04b4-4fa1-a3cf-7db3bea07540","ts":"2025-12-08T02:24:26.935-05:00","source":{"id":"0","name":"eventBus"}}
{"__type":"$$EventMessageNode","id":"ea9d76c2-059e-48c7-ae5f-7e93bec83a67","ts":"2025-12-08T02:24:26.966-05:00","eventName":"n8n.node.started","message":"n8n.node.started","payload":{"workflowId":"pzpEPfUntRVDuVKd","workflowName":"SAP Intelligence Scanner with Error Tracking","executionId":"59","nodeType":"n8n-nodes-base.if","nodeName":"Has Error?","nodeId":"c597f71d-51d7-4a08-9e61-c130a833725c"}}
{"__type":"$$EventMessageConfirm","confirm":"ea9d76c2-059e-48c7-ae5f-7e93bec83a67","ts":"2025-12-08T02:24:26.967-05:00","source":{"id":"0","name":"eventBus"}}
{"__type":"$$EventMessageNode","id":"d1f62c24-2702-4238-bb7d-b1cd82ba6c92","ts":"2025-12-08T02:24:26.988-05:00","eventName":"n8n.node.finished","message":"n8n.node.finished","payload":{"workflowId":"pzpEPfUntRVDuVKd","workflowName":"SAP Intelligence Scanner with Error Tracking","executionId":"59","nodeType":"n8n-nodes-base.if","nodeName":"Has Error?","nodeId":"c597f71d-51d7-4a08-9e61-c130a833725c"}}
{"__type":"$$EventMessageConfirm","confirm":"d1f62c24-2702-4238-bb7d-b1cd82ba6c92","ts":"2025-12-08T02:24:26.988-05:00","source":{"id":"0","name":"eventBus"}}
{"__type":"$$EventMessageNode","id":"20c979c1-de0a-40ba-b03d-1c08897fb70a","ts":"2025-12-08T02:24:27.012-05:00","eventName":"n8n.node.started","message":"n8n.node.started","payload":{"workflowId":"pzpEPfUntRVDuVKd","workflowName":"SAP Intelligence Scanner with Error Tracking","executionId":"59","nodeType":"n8n-nodes-base.code","nodeName":"2. Parse Services","nodeId":"f91d065b-bfd8-4339-bf12-257354ecd5b7"}}
{"__type":"$$EventMessageConfirm","confirm":"20c979c1-de0a-40ba-b03d-1c08897fb70a","ts":"2025-12-08T02:24:27.012-05:00","source":{"id":"0","name":"eventBus"}}
{"__type":"$$EventMessageNode","id":"5b2bee5a-c87a-4ed9-9382-91cd6f6f5f4b","ts":"2025-12-08T02:24:27.166-05:00","eventName":"n8n.node.finished","message":"n8n.node.finished","payload":{"workflowId":"pzpEPfUntRVDuVKd","workflowName":"SAP Intelligence Scanner with Error Tracking","executionId":"59","nodeType":"n8n-nodes-base.code","nodeName":"2. Parse Services","nodeId":"f91d065b-bfd8-4339-bf12-257354ecd5b7"}}
{"__type":"$$EventMessageConfirm","confirm":"5b2bee5a-c87a-4ed9-9382-91cd6f6f5f4b","ts":"2025-12-08T02:24:27.166-05:00","source":{"id":"0","name":"eventBus"}}
{"__type":"$$EventMessageNode","id":"6cc72a5c-8818-4c0f-a90c-aff4e4a37c8a","ts":"2025-12-08T02:24:27.263-05:00","eventName":"n8n.node.started","message":"n8n.node.started","payload":{"workflowId":"pzpEPfUntRVDuVKd","workflowName":"SAP Intelligence Scanner with Error Tracking","executionId":"59","nodeType":"n8n-nodes-base.postgres","nodeName":"3. Save Service","nodeId":"8bac6140-7f81-40ad-b5ec-19dbf87a3a55"}}
{"__type":"$$EventMessageConfirm","confirm":"6cc72a5c-8818-4c0f-a90c-aff4e4a37c8a","ts":"2025-12-08T02:24:27.263-05:00","source":{"id":"0","name":"eventBus"}}
{"__type":"$$EventMessageNode","id":"c22bf443-5c16-41b5-9b15-157e4c5f7552","ts":"2025-12-08T02:24:29.546-05:00","eventName":"n8n.node.finished","message":"n8n.node.finished","payload":{"workflowId":"pzpEPfUntRVDuVKd","workflowName":"SAP Intelligence Scanner with Error Tracking","executionId":"59","nodeType":"n8n-nodes-base.postgres","nodeName":"3. Save Service","nodeId":"8bac6140-7f81-40ad-b5ec-19dbf87a3a55"}}
{"__type":"$$EventMessageConfirm","confirm":"c22bf443-5c16-41b5-9b15-157e4c5f7552","ts":"2025-12-08T02:24:29.546-05:00","source":{"id":"0","name":"eventBus"}}
{"__type":"$$EventMessageNode","id":"341afb76-290a-4d3a-b896-1e108bd8a0d8","ts":"2025-12-08T02:24:29.551-05:00","eventName":"n8n.node.started","message":"n8n.node.started","payload":{"workflowId":"pzpEPfUntRVDuVKd","workflowName":"SAP Intelligence Scanner with Error Tracking","executionId":"59","nodeType":"n8n-nodes-base.httpRequest","nodeName":"4. Fetch Metadata","nodeId":"5dc941f7-8ad9-4235-8e0f-576477f6e68a"}}
{"__type":"$$EventMessageConfirm","confirm":"341afb76-290a-4d3a-b896-1e108bd8a0d8","ts":"2025-12-08T02:24:29.551-05:00","source":{"id":"0","name":"eventBus"}}
{"__type":"$$EventMessageNode","id":"b66354d5-3637-42a2-955e-5481bf93e25e","ts":"2025-12-08T02:25:25.985-05:00","eventName":"n8n.node.finished","message":"n8n.node.finished","payload":{"workflowId":"pzpEPfUntRVDuVKd","workflowName":"SAP Intelligence Scanner with Error Tracking","executionId":"59","nodeType":"n8n-nodes-base.httpRequest","nodeName":"4. Fetch Metadata","nodeId":"5dc941f7-8ad9-4235-8e0f-576477f6e68a"}}
{"__type":"$$EventMessageConfirm","confirm":"b66354d5-3637-42a2-955e-5481bf93e25e","ts":"2025-12-08T02:25:25.985-05:00","source":{"id":"0","name":"eventBus"}}
{"__type":"$$EventMessageNode","id":"b97053a3-22e9-4a7b-9099-049b78c04f77","ts":"2025-12-08T02:25:26.018-05:00","eventName":"n8n.node.started","message":"n8n.node.started","payload":{"workflowId":"pzpEPfUntRVDuVKd","workflowName":"SAP Intelligence Scanner with Error Tracking","executionId":"59","nodeType":"n8n-nodes-base.if","nodeName":"Metadata Error?","nodeId":"18edd495-bec9-4f30-8a2d-2929f605673e"}}
{"__type":"$$EventMessageConfirm","confirm":"b97053a3-22e9-4a7b-9099-049b78c04f77","ts":"2025-12-08T02:25:26.018-05:00","source":{"id":"0","name":"eventBus"}}
{"__type":"$$EventMessageNode","id":"2928b02b-b653-4013-9009-f1de0d07499a","ts":"2025-12-08T02:25:26.373-05:00","eventName":"n8n.node.finished","message":"n8n.node.finished","payload":{"workflowId":"pzpEPfUntRVDuVKd","workflowName":"SAP Intelligence Scanner with Error Tracking","executionId":"59","nodeType":"n8n-nodes-base.if","nodeName":"Metadata Error?","nodeId":"18edd495-bec9-4f30-8a2d-2929f605673e"}}
{"__type":"$$EventMessageConfirm","confirm":"2928b02b-b653-4013-9009-f1de0d07499a","ts":"2025-12-08T02:25:26.373-05:00","source":{"id":"0","name":"eventBus"}}
{"__type":"$$EventMessageNode","id":"4e18d7a2-ad0c-4443-a614-9cf1adabc6d0","ts":"2025-12-08T02:25:26.393-05:00","eventName":"n8n.node.started","message":"n8n.node.started","payload":{"workflowId":"pzpEPfUntRVDuVKd","workflowName":"SAP Intelligence Scanner with Error Tracking","executionId":"59","nodeType":"n8n-nodes-base.postgres","nodeName":"Log Metadata Error","nodeId":"9e793ce2-52ad-42b6-9188-a0815f7eb1fa"}}
{"__type":"$$EventMessageConfirm","confirm":"4e18d7a2-ad0c-4443-a614-9cf1adabc6d0","ts":"2025-12-08T02:25:26.393-05:00","source":{"id":"0","name":"eventBus"}}
{"__type":"$$EventMessageNode","id":"ec31ed20-0258-4e30-888b-584ffe09910f","ts":"2025-12-08T02:25:27.107-05:00","eventName":"n8n.node.finished","message":"n8n.node.finished","payload":{"workflowId":"pzpEPfUntRVDuVKd","workflowName":"SAP Intelligence Scanner with Error Tracking","executionId":"59","nodeType":"n8n-nodes-base.postgres","nodeName":"Log Metadata Error","nodeId":"9e793ce2-52ad-42b6-9188-a0815f7eb1fa"}}
{"__type":"$$EventMessageConfirm","confirm":"ec31ed20-0258-4e30-888b-584ffe09910f","ts":"2025-12-08T02:25:27.108-05:00","source":{"id":"0","name":"eventBus"}}
{"__type":"$$EventMessageWorkflow","id":"6c55bcc4-2f34-4dcc-9cbb-cb5d90f7bb96","ts":"2025-12-08T02:25:27.119-05:00","eventName":"n8n.workflow.failed","message":"n8n.workflow.failed","payload":{"userId":"bd3a5b30-745c-4820-a59a-60954efae6a4","executionId":"59","success":false,"isManual":true,"workflowId":"pzpEPfUntRVDuVKd","workflowName":"SAP Intelligence Scanner with Error Tracking","lastNodeExecuted":"Log Metadata Error","errorNodeType":"n8n-nodes-base.postgres","errorMessage":"relation \"sap_extraction_errors\" does not exist"}}
{"__type":"$$EventMessageConfirm","confirm":"6c55bcc4-2f34-4dcc-9cbb-cb5d90f7bb96","ts":"2025-12-08T02:25:27.119-05:00","source":{"id":"0","name":"eventBus"}}
{"__type":"$$EventMessageAudit","id":"e6cc9d8b-f560-461d-b677-e678058f33de","ts":"2025-12-08T02:42:04.214-05:00","eventName":"n8n.audit.user.login.failed","message":"n8n.audit.user.login.failed","payload":{"authenticationMethod":"email","userEmail":"azhariqbal.mazari4321@gmail.com","reason":"wrong credentials"}}
{"__type":"$$EventMessageConfirm","confirm":"e6cc9d8b-f560-461d-b677-e678058f33de","ts":"2025-12-08T02:42:04.214-05:00","source":{"id":"0","name":"eventBus"}}
{"__type":"$$EventMessageAudit","id":"c1b9375a-55be-463b-9bfe-a0dff38dfc0f","ts":"2025-12-08T02:43:43.742-05:00","eventName":"n8n.audit.user.login.failed","message":"n8n.audit.user.login.failed","payload":{"authenticationMethod":"email","userEmail":"azhariqbal.mazari@gmail.com","reason":"wrong credentials"}}
{"__type":"$$EventMessageConfirm","confirm":"c1b9375a-55be-463b-9bfe-a0dff38dfc0f","ts":"2025-12-08T02:43:43.742-05:00","source":{"id":"0","name":"eventBus"}}
{"__type":"$$EventMessageAudit","id":"8dce2304-d651-4b8f-bf8c-7e1a991a247f","ts":"2025-12-08T02:44:31.428-05:00","eventName":"n8n.audit.user.login.failed","message":"n8n.audit.user.login.failed","payload":{"authenticationMethod":"email","userEmail":"azhariqbal.mazari@gmail.com","reason":"wrong credentials"}}
{"__type":"$$EventMessageConfirm","confirm":"8dce2304-d651-4b8f-bf8c-7e1a991a247f","ts":"2025-12-08T02:44:31.429-05:00","source":{"id":"0","name":"eventBus"}}
{"__type":"$$EventMessageAudit","id":"61560ca1-4368-4351-901c-860d3eecdd58","ts":"2025-12-08T02:51:21.622-05:00","eventName":"n8n.audit.user.login.failed","message":"n8n.audit.user.login.failed","payload":{"authenticationMethod":"email","userEmail":"its.azhar.4321@gmail.com","reason":"wrong credentials"}}
{"__type":"$$EventMessageConfirm","confirm":"61560ca1-4368-4351-901c-860d3eecdd58","ts":"2025-12-08T02:51:21.623-05:00","source":{"id":"0","name":"eventBus"}}
{"__type":"$$EventMessageAudit","id":"1319f85f-af98-4f90-8ddf-8a209d5734e6","ts":"2025-12-08T02:51:56.188-05:00","eventName":"n8n.audit.user.login.success","message":"n8n.audit.user.login.success","payload":{"userId":"bd3a5b30-745c-4820-a59a-60954efae6a4","_email":"its.azhar.4321@gmail.com","_firstName":"Azhar","_lastName":"Iqbal","globalRole":"global:owner","authenticationMethod":"email"}}
{"__type":"$$EventMessageConfirm","confirm":"1319f85f-af98-4f90-8ddf-8a209d5734e6","ts":"2025-12-08T02:51:56.188-05:00","source":{"id":"0","name":"eventBus"}}
{"__type":"$$EventMessageAudit","id":"9738560b-a99c-4faf-8d30-df017b70d603","ts":"2025-12-08T02:53:47.265-05:00","eventName":"n8n.audit.workflow.updated","message":"n8n.audit.workflow.updated","payload":{"userId":"bd3a5b30-745c-4820-a59a-60954efae6a4","_email":"its.azhar.4321@gmail.com","_firstName":"Azhar","_lastName":"Iqbal","globalRole":"global:owner","workflowId":"pzpEPfUntRVDuVKd","workflowName":"SAP Intelligence Scanner with Error Tracking"}}
{"__type":"$$EventMessageConfirm","confirm":"9738560b-a99c-4faf-8d30-df017b70d603","ts":"2025-12-08T02:53:47.265-05:00","source":{"id":"0","name":"eventBus"}}
{"__type":"$$EventMessageWorkflow","id":"16aee819-76da-4260-a20d-72bce279011d","ts":"2025-12-08T02:53:59.126-05:00","eventName":"n8n.workflow.started","message":"n8n.workflow.started","payload":{"executionId":"61","workflowId":"pzpEPfUntRVDuVKd","isManual":false,"workflowName":"SAP Intelligence Scanner with Error Tracking"}}
{"__type":"$$EventMessageConfirm","confirm":"16aee819-76da-4260-a20d-72bce279011d","ts":"2025-12-08T02:53:59.126-05:00","source":{"id":"0","name":"eventBus"}}
{"__type":"$$EventMessageNode","id":"9becc81c-a6d6-42ec-a1d3-41f620187ecb","ts":"2025-12-08T02:53:59.128-05:00","eventName":"n8n.node.started","message":"n8n.node.started","payload":{"workflowId":"pzpEPfUntRVDuVKd","workflowName":"SAP Intelligence Scanner with Error Tracking","executionId":"61","nodeType":"n8n-nodes-base.manualTrigger","nodeName":"Manual Trigger","nodeId":"817014e7-d25c-4353-aed0-dbc42defa268"}}
{"__type":"$$EventMessageConfirm","confirm":"9becc81c-a6d6-42ec-a1d3-41f620187ecb","ts":"2025-12-08T02:53:59.129-05:00","source":{"id":"0","name":"eventBus"}}
{"__type":"$$EventMessageNode","id":"f54d1c3f-1a14-4e2a-9911-e5ecb6bed6db","ts":"2025-12-08T02:53:59.132-05:00","eventName":"n8n.node.finished","message":"n8n.node.finished","payload":{"workflowId":"pzpEPfUntRVDuVKd","workflowName":"SAP Intelligence Scanner with Error Tracking","executionId":"61","nodeType":"n8n-nodes-base.manualTrigger","nodeName":"Manual Trigger","nodeId":"817014e7-d25c-4353-aed0-dbc42defa268"}}
{"__type":"$$EventMessageConfirm","confirm":"f54d1c3f-1a14-4e2a-9911-e5ecb6bed6db","ts":"2025-12-08T02:53:59.132-05:00","source":{"id":"0","name":"eventBus"}}
{"__type":"$$EventMessageNode","id":"ce7dea7e-ea53-4b31-a4c1-e686560b305f","ts":"2025-12-08T02:53:59.133-05:00","eventName":"n8n.node.started","message":"n8n.node.started","payload":{"workflowId":"pzpEPfUntRVDuVKd","workflowName":"SAP Intelligence Scanner with Error Tracking","executionId":"61","nodeType":"n8n-nodes-base.httpRequest","nodeName":"Fetch: Service Catalog","nodeId":"03f57325-c669-4728-973b-70a953b470e1"}}
{"__type":"$$EventMessageConfirm","confirm":"ce7dea7e-ea53-4b31-a4c1-e686560b305f","ts":"2025-12-08T02:53:59.133-05:00","source":{"id":"0","name":"eventBus"}}
{"__type":"$$EventMessageNode","id":"45999116-a17b-47cf-904f-1d59e5e68cc7","ts":"2025-12-08T02:53:59.754-05:00","eventName":"n8n.node.finished","message":"n8n.node.finished","payload":{"workflowId":"pzpEPfUntRVDuVKd","workflowName":"SAP Intelligence Scanner with Error Tracking","executionId":"61","nodeType":"n8n-nodes-base.httpRequest","nodeName":"Fetch: Service Catalog","nodeId":"03f57325-c669-4728-973b-70a953b470e1"}}
{"__type":"$$EventMessageConfirm","confirm":"45999116-a17b-47cf-904f-1d59e5e68cc7","ts":"2025-12-08T02:53:59.754-05:00","source":{"id":"0","name":"eventBus"}}
{"__type":"$$EventMessageNode","id":"41ef0ebc-d43c-4500-957d-29356822f72e","ts":"2025-12-08T02:53:59.775-05:00","eventName":"n8n.node.started","message":"n8n.node.started","payload":{"workflowId":"pzpEPfUntRVDuVKd","workflowName":"SAP Intelligence Scanner with Error Tracking","executionId":"61","nodeType":"n8n-nodes-base.code","nodeName":"Parse: Service Data","nodeId":"1affcf24-e9bc-41a9-8890-74fcc2e653ed"}}
{"__type":"$$EventMessageConfirm","confirm":"41ef0ebc-d43c-4500-957d-29356822f72e","ts":"2025-12-08T02:53:59.775-05:00","source":{"id":"0","name":"eventBus"}}
{"__type":"$$EventMessageNode","id":"8aae1cb5-d8cb-483b-bf6a-0c8070810b2e","ts":"2025-12-08T02:54:00.373-05:00","eventName":"n8n.node.finished","message":"n8n.node.finished","payload":{"workflowId":"pzpEPfUntRVDuVKd","workflowName":"SAP Intelligence Scanner with Error Tracking","executionId":"61","nodeType":"n8n-nodes-base.code","nodeName":"Parse: Service Data","nodeId":"1affcf24-e9bc-41a9-8890-74fcc2e653ed"}}
{"__type":"$$EventMessageConfirm","confirm":"8aae1cb5-d8cb-483b-bf6a-0c8070810b2e","ts":"2025-12-08T02:54:00.373-05:00","source":{"id":"0","name":"eventBus"}}
{"__type":"$$EventMessageNode","id":"d0f341c8-0e9b-4d17-be21-6827816808e9","ts":"2025-12-08T02:54:00.534-05:00","eventName":"n8n.node.started","message":"n8n.node.started","payload":{"workflowId":"pzpEPfUntRVDuVKd","workflowName":"SAP Intelligence Scanner with Error Tracking","executionId":"61","nodeType":"n8n-nodes-base.postgres","nodeName":"Save: Services to DB","nodeId":"8452ba3e-b8ee-4241-a3f9-3a417302acb9"}}
{"__type":"$$EventMessageConfirm","confirm":"d0f341c8-0e9b-4d17-be21-6827816808e9","ts":"2025-12-08T02:54:00.534-05:00","source":{"id":"0","name":"eventBus"}}
{"__type":"$$EventMessageNode","id":"bafad685-0284-4aae-af23-5f52cda45030","ts":"2025-12-08T02:54:02.292-05:00","eventName":"n8n.node.finished","message":"n8n.node.finished","payload":{"workflowId":"pzpEPfUntRVDuVKd","workflowName":"SAP Intelligence Scanner with Error Tracking","executionId":"61","nodeType":"n8n-nodes-base.postgres","nodeName":"Save: Services to DB","nodeId":"8452ba3e-b8ee-4241-a3f9-3a417302acb9"}}
{"__type":"$$EventMessageConfirm","confirm":"bafad685-0284-4aae-af23-5f52cda45030","ts":"2025-12-08T02:54:02.292-05:00","source":{"id":"0","name":"eventBus"}}
{"__type":"$$EventMessageWorkflow","id":"0ee1bf6e-01c9-470a-9c0b-f1c7fa0ee025","ts":"2025-12-08T02:54:02.297-05:00","eventName":"n8n.workflow.failed","message":"n8n.workflow.failed","payload":{"userId":"bd3a5b30-745c-4820-a59a-60954efae6a4","executionId":"61","success":false,"isManual":true,"workflowId":"pzpEPfUntRVDuVKd","workflowName":"SAP Intelligence Scanner with Error Tracking","lastNodeExecuted":"Save: Services to DB","errorNodeType":"n8n-nodes-base.postgres","errorMessage":"column \"system_id\" is of type uuid but expression is of type integer"}}
{"__type":"$$EventMessageConfirm","confirm":"0ee1bf6e-01c9-470a-9c0b-f1c7fa0ee025","ts":"2025-12-08T02:54:02.297-05:00","source":{"id":"0","name":"eventBus"}}
{"__type":"$$EventMessageWorkflow","id":"5daf2f93-22a6-4c3c-968a-697f2526fdc5","ts":"2025-12-08T03:08:51.471-05:00","eventName":"n8n.workflow.started","message":"n8n.workflow.started","payload":{"executionId":"62","workflowId":"pzpEPfUntRVDuVKd","isManual":false,"workflowName":"SAP Metadata Intelligence Scanner"}}
{"__type":"$$EventMessageConfirm","confirm":"5daf2f93-22a6-4c3c-968a-697f2526fdc5","ts":"2025-12-08T03:08:51.471-05:00","source":{"id":"0","name":"eventBus"}}
{"__type":"$$EventMessageNode","id":"6176e8fc-e9ec-4ce2-b20c-485af4a8af1e","ts":"2025-12-08T03:08:51.472-05:00","eventName":"n8n.node.started","message":"n8n.node.started","payload":{"workflowId":"pzpEPfUntRVDuVKd","workflowName":"SAP Metadata Intelligence Scanner","executionId":"62","nodeType":"n8n-nodes-base.manualTrigger","nodeName":"Manual Trigger","nodeId":"817014e7-d25c-4353-aed0-dbc42defa268"}}
{"__type":"$$EventMessageConfirm","confirm":"6176e8fc-e9ec-4ce2-b20c-485af4a8af1e","ts":"2025-12-08T03:08:51.473-05:00","source":{"id":"0","name":"eventBus"}}
{"__type":"$$EventMessageNode","id":"71c3f0b4-fb1b-4782-947d-79cfbcaeb594","ts":"2025-12-08T03:08:51.474-05:00","eventName":"n8n.node.finished","message":"n8n.node.finished","payload":{"workflowId":"pzpEPfUntRVDuVKd","workflowName":"SAP Metadata Intelligence Scanner","executionId":"62","nodeType":"n8n-nodes-base.manualTrigger","nodeName":"Manual Trigger","nodeId":"817014e7-d25c-4353-aed0-dbc42defa268"}}
{"__type":"$$EventMessageConfirm","confirm":"71c3f0b4-fb1b-4782-947d-79cfbcaeb594","ts":"2025-12-08T03:08:51.475-05:00","source":{"id":"0","name":"eventBus"}}
{"__type":"$$EventMessageNode","id":"a0e8bda5-58c6-4f44-9766-5dcf4e5a7cb0","ts":"2025-12-08T03:08:51.475-05:00","eventName":"n8n.node.started","message":"n8n.node.started","payload":{"workflowId":"pzpEPfUntRVDuVKd","workflowName":"SAP Metadata Intelligence Scanner","executionId":"62","nodeType":"n8n-nodes-base.httpRequest","nodeName":"Fetch SAP OData Catalog","nodeId":"dcbfa966-e8aa-45e4-ac1b-d6cc8f92be1d"}}
{"__type":"$$EventMessageConfirm","confirm":"a0e8bda5-58c6-4f44-9766-5dcf4e5a7cb0","ts":"2025-12-08T03:08:51.476-05:00","source":{"id":"0","name":"eventBus"}}
{"__type":"$$EventMessageNode","id":"dffaeb1d-ccf6-4521-bec4-0eba4a01635c","ts":"2025-12-08T03:08:52.318-05:00","eventName":"n8n.node.finished","message":"n8n.node.finished","payload":{"workflowId":"pzpEPfUntRVDuVKd","workflowName":"SAP Metadata Intelligence Scanner","executionId":"62","nodeType":"n8n-nodes-base.httpRequest","nodeName":"Fetch SAP OData Catalog","nodeId":"dcbfa966-e8aa-45e4-ac1b-d6cc8f92be1d"}}
{"__type":"$$EventMessageConfirm","confirm":"dffaeb1d-ccf6-4521-bec4-0eba4a01635c","ts":"2025-12-08T03:08:52.318-05:00","source":{"id":"0","name":"eventBus"}}
{"__type":"$$EventMessageNode","id":"c0be1743-0ead-46a5-a34e-9bc8be666428","ts":"2025-12-08T03:08:52.340-05:00","eventName":"n8n.node.started","message":"n8n.node.started","payload":{"workflowId":"pzpEPfUntRVDuVKd","workflowName":"SAP Metadata Intelligence Scanner","executionId":"62","nodeType":"n8n-nodes-base.code","nodeName":"Parse SAP Services","nodeId":"d098ff3c-fd26-4285-a468-2324b41fe61c"}}
{"__type":"$$EventMessageConfirm","confirm":"c0be1743-0ead-46a5-a34e-9bc8be666428","ts":"2025-12-08T03:08:52.340-05:00","source":{"id":"0","name":"eventBus"}}
{"__type":"$$EventMessageNode","id":"4b2ba81b-d550-4edc-886b-49de27e21a77","ts":"2025-12-08T03:08:52.508-05:00","eventName":"n8n.node.finished","message":"n8n.node.finished","payload":{"workflowId":"pzpEPfUntRVDuVKd","workflowName":"SAP Metadata Intelligence Scanner","executionId":"62","nodeType":"n8n-nodes-base.code","nodeName":"Parse SAP Services","nodeId":"d098ff3c-fd26-4285-a468-2324b41fe61c"}}
{"__type":"$$EventMessageConfirm","confirm":"4b2ba81b-d550-4edc-886b-49de27e21a77","ts":"2025-12-08T03:08:52.508-05:00","source":{"id":"0","name":"eventBus"}}
{"__type":"$$EventMessageNode","id":"e42bd079-aacf-4b3c-958e-a11f53692a25","ts":"2025-12-08T03:08:52.590-05:00","eventName":"n8n.node.started","message":"n8n.node.started","payload":{"workflowId":"pzpEPfUntRVDuVKd","workflowName":"SAP Metadata Intelligence Scanner","executionId":"62","nodeType":"n8n-nodes-base.postgres","nodeName":"Save to Database","nodeId":"3771a7b7-32ba-48ae-a753-82ecdc2d8e60"}}
{"__type":"$$EventMessageConfirm","confirm":"e42bd079-aacf-4b3c-958e-a11f53692a25","ts":"2025-12-08T03:08:52.590-05:00","source":{"id":"0","name":"eventBus"}}
{"__type":"$$EventMessageNode","id":"ce036eee-34df-4a92-8abe-111cbd10a279","ts":"2025-12-08T03:08:53.459-05:00","eventName":"n8n.node.finished","message":"n8n.node.finished","payload":{"workflowId":"pzpEPfUntRVDuVKd","workflowName":"SAP Metadata Intelligence Scanner","executionId":"62","nodeType":"n8n-nodes-base.postgres","nodeName":"Save to Database","nodeId":"3771a7b7-32ba-48ae-a753-82ecdc2d8e60"}}
{"__type":"$$EventMessageConfirm","confirm":"ce036eee-34df-4a92-8abe-111cbd10a279","ts":"2025-12-08T03:08:53.459-05:00","source":{"id":"0","name":"eventBus"}}
{"__type":"$$EventMessageWorkflow","id":"7401f24f-613d-4af2-a89d-9a0404b2fedc","ts":"2025-12-08T03:08:53.463-05:00","eventName":"n8n.workflow.failed","message":"n8n.workflow.failed","payload":{"userId":"bd3a5b30-745c-4820-a59a-60954efae6a4","executionId":"62","success":false,"isManual":true,"workflowId":"pzpEPfUntRVDuVKd","workflowName":"SAP Metadata Intelligence Scanner","lastNodeExecuted":"Save to Database","errorNodeType":"n8n-nodes-base.postgres","errorMessage":"column \"system_id\" is of type uuid but expression is of type integer"}}
{"__type":"$$EventMessageConfirm","confirm":"7401f24f-613d-4af2-a89d-9a0404b2fedc","ts":"2025-12-08T03:08:53.463-05:00","source":{"id":"0","name":"eventBus"}}
{"__type":"$$EventMessageWorkflow","id":"387b2eaf-8bac-4b37-9f35-ddbeec5cb333","ts":"2025-12-08T03:14:08.985-05:00","eventName":"n8n.workflow.started","message":"n8n.workflow.started","payload":{"executionId":"63","workflowId":"pzpEPfUntRVDuVKd","isManual":false,"workflowName":"SAP OData Service Scanner - Fixed"}}
{"__type":"$$EventMessageConfirm","confirm":"387b2eaf-8bac-4b37-9f35-ddbeec5cb333","ts":"2025-12-08T03:14:08.985-05:00","source":{"id":"0","name":"eventBus"}}
{"__type":"$$EventMessageNode","id":"005d6d96-ec49-453d-8525-04d90741cbed","ts":"2025-12-08T03:14:08.986-05:00","eventName":"n8n.node.started","message":"n8n.node.started","payload":{"workflowId":"pzpEPfUntRVDuVKd","workflowName":"SAP OData Service Scanner - Fixed","executionId":"63","nodeType":"n8n-nodes-base.manualTrigger","nodeName":"Manual Trigger","nodeId":"817014e7-d25c-4353-aed0-dbc42defa268"}}
{"__type":"$$EventMessageConfirm","confirm":"005d6d96-ec49-453d-8525-04d90741cbed","ts":"2025-12-08T03:14:08.986-05:00","source":{"id":"0","name":"eventBus"}}
{"__type":"$$EventMessageNode","id":"ea5a9516-a683-4d88-b36d-6d9c73956393","ts":"2025-12-08T03:14:08.987-05:00","eventName":"n8n.node.finished","message":"n8n.node.finished","payload":{"workflowId":"pzpEPfUntRVDuVKd","workflowName":"SAP OData Service Scanner - Fixed","executionId":"63","nodeType":"n8n-nodes-base.manualTrigger","nodeName":"Manual Trigger","nodeId":"817014e7-d25c-4353-aed0-dbc42defa268"}}
{"__type":"$$EventMessageConfirm","confirm":"ea5a9516-a683-4d88-b36d-6d9c73956393","ts":"2025-12-08T03:14:08.987-05:00","source":{"id":"0","name":"eventBus"}}
{"__type":"$$EventMessageNode","id":"6e8cc6cd-2e29-4702-af83-4ad17bbdad9e","ts":"2025-12-08T03:14:08.988-05:00","eventName":"n8n.node.started","message":"n8n.node.started","payload":{"workflowId":"pzpEPfUntRVDuVKd","workflowName":"SAP OData Service Scanner - Fixed","executionId":"63","nodeType":"n8n-nodes-base.httpRequest","nodeName":"Fetch SAP OData Catalog1","nodeId":"3bc5dfa6-e30a-470b-9d87-6b11edd79c8d"}}
{"__type":"$$EventMessageConfirm","confirm":"6e8cc6cd-2e29-4702-af83-4ad17bbdad9e","ts":"2025-12-08T03:14:08.988-05:00","source":{"id":"0","name":"eventBus"}}
{"__type":"$$EventMessageNode","id":"fbe84c39-fa35-4b7e-a4e3-019b2f8c474b","ts":"2025-12-08T03:14:09.599-05:00","eventName":"n8n.node.finished","message":"n8n.node.finished","payload":{"workflowId":"pzpEPfUntRVDuVKd","workflowName":"SAP OData Service Scanner - Fixed","executionId":"63","nodeType":"n8n-nodes-base.httpRequest","nodeName":"Fetch SAP OData Catalog1","nodeId":"3bc5dfa6-e30a-470b-9d87-6b11edd79c8d"}}
{"__type":"$$EventMessageConfirm","confirm":"fbe84c39-fa35-4b7e-a4e3-019b2f8c474b","ts":"2025-12-08T03:14:09.599-05:00","source":{"id":"0","name":"eventBus"}}
{"__type":"$$EventMessageNode","id":"f86d5893-59eb-406c-a6b8-ecc66908aa6e","ts":"2025-12-08T03:14:09.619-05:00","eventName":"n8n.node.started","message":"n8n.node.started","payload":{"workflowId":"pzpEPfUntRVDuVKd","workflowName":"SAP OData Service Scanner - Fixed","executionId":"63","nodeType":"n8n-nodes-base.code","nodeName":"Parse Services","nodeId":"8abbbdc7-4055-4aa3-ab90-b4003cc8279c"}}
{"__type":"$$EventMessageConfirm","confirm":"f86d5893-59eb-406c-a6b8-ecc66908aa6e","ts":"2025-12-08T03:14:09.620-05:00","source":{"id":"0","name":"eventBus"}}
{"__type":"$$EventMessageNode","id":"9fb3ec85-beb2-4b01-8645-805b9f3254ea","ts":"2025-12-08T03:14:09.765-05:00","eventName":"n8n.node.finished","message":"n8n.node.finished","payload":{"workflowId":"pzpEPfUntRVDuVKd","workflowName":"SAP OData Service Scanner - Fixed","executionId":"63","nodeType":"n8n-nodes-base.code","nodeName":"Parse Services","nodeId":"8abbbdc7-4055-4aa3-ab90-b4003cc8279c"}}
{"__type":"$$EventMessageConfirm","confirm":"9fb3ec85-beb2-4b01-8645-805b9f3254ea","ts":"2025-12-08T03:14:09.765-05:00","source":{"id":"0","name":"eventBus"}}
{"__type":"$$EventMessageNode","id":"e6826f2a-1d07-426b-858d-4558fcd20a10","ts":"2025-12-08T03:14:09.847-05:00","eventName":"n8n.node.started","message":"n8n.node.started","payload":{"workflowId":"pzpEPfUntRVDuVKd","workflowName":"SAP OData Service Scanner - Fixed","executionId":"63","nodeType":"n8n-nodes-base.postgres","nodeName":"Save to Database1","nodeId":"af7ffa1f-67aa-4bf1-beb0-2cbc11bc4765"}}
{"__type":"$$EventMessageConfirm","confirm":"e6826f2a-1d07-426b-858d-4558fcd20a10","ts":"2025-12-08T03:14:09.848-05:00","source":{"id":"0","name":"eventBus"}}
{"__type":"$$EventMessageNode","id":"2f88c182-1f64-439b-a9c0-fc1c2b5c3d3c","ts":"2025-12-08T03:14:11.560-05:00","eventName":"n8n.node.finished","message":"n8n.node.finished","payload":{"workflowId":"pzpEPfUntRVDuVKd","workflowName":"SAP OData Service Scanner - Fixed","executionId":"63","nodeType":"n8n-nodes-base.postgres","nodeName":"Save to Database1","nodeId":"af7ffa1f-67aa-4bf1-beb0-2cbc11bc4765"}}
{"__type":"$$EventMessageConfirm","confirm":"2f88c182-1f64-439b-a9c0-fc1c2b5c3d3c","ts":"2025-12-08T03:14:11.560-05:00","source":{"id":"0","name":"eventBus"}}
{"__type":"$$EventMessageWorkflow","id":"d544a5ad-f01d-40c6-9189-3408dc443a84","ts":"2025-12-08T03:14:11.569-05:00","eventName":"n8n.workflow.success","message":"n8n.workflow.success","payload":{"userId":"bd3a5b30-745c-4820-a59a-60954efae6a4","executionId":"63","success":true,"isManual":true,"workflowId":"pzpEPfUntRVDuVKd","workflowName":"SAP OData Service Scanner - Fixed"}}
{"__type":"$$EventMessageConfirm","confirm":"d544a5ad-f01d-40c6-9189-3408dc443a84","ts":"2025-12-08T03:14:11.569-05:00","source":{"id":"0","name":"eventBus"}}
