{"__type":"$$EventMessageAudit","id":"54d0f30e-f94b-4a1b-b5f7-6b6040eaae5e","ts":"2025-12-03T18:03:51.037+00:00","eventName":"n8n.audit.user.credentials.created","message":"n8n.audit.user.credentials.created","payload":{"userId":"bd3a5b30-745c-4820-a59a-60954efae6a4","_email":"its.azhar.4321@gmail.com","_firstName":"Azhar","_lastName":"Iqbal","globalRole":"global:owner","credentialType":"httpBasicAuth","credentialId":"VpsAhrTSMrcHwwOl","publicApi":false,"projectId":"PrAOh5KIML3s2sNU","projectType":"personal"}}
{"__type":"$$EventMessageConfirm","confirm":"54d0f30e-f94b-4a1b-b5f7-6b6040eaae5e","ts":"2025-12-03T18:03:51.039+00:00","source":{"id":"0","name":"eventBus"}}
{"__type":"$$EventMessageAudit","id":"1a943312-fead-4f06-b515-4ce2f2f5acd2","ts":"2025-12-03T18:04:15.749+00:00","eventName":"n8n.audit.workflow.created","message":"n8n.audit.workflow.created","payload":{"userId":"bd3a5b30-745c-4820-a59a-60954efae6a4","_email":"its.azhar.4321@gmail.com","_firstName":"Azhar","_lastName":"Iqbal","globalRole":"global:owner","workflowId":"pzpEPfUntRVDuVKd","workflowName":"SAP Service Catalog Scanner"}}
{"__type":"$$EventMessageConfirm","confirm":"1a943312-fead-4f06-b515-4ce2f2f5acd2","ts":"2025-12-03T18:04:15.751+00:00","source":{"id":"0","name":"eventBus"}}
{"__type":"$$EventMessageAudit","id":"27ba0064-2f6a-4490-964a-3e0902efa590","ts":"2025-12-03T18:07:49.442+00:00","eventName":"n8n.audit.user.credentials.created","message":"n8n.audit.user.credentials.created","payload":{"userId":"bd3a5b30-745c-4820-a59a-60954efae6a4","_email":"its.azhar.4321@gmail.com","_firstName":"Azhar","_lastName":"Iqbal","globalRole":"global:owner","credentialType":"postgres","credentialId":"G2MFLw5No1nHMtsG","publicApi":false,"projectId":"PrAOh5KIML3s2sNU","projectType":"personal"}}
{"__type":"$$EventMessageConfirm","confirm":"27ba0064-2f6a-4490-964a-3e0902efa590","ts":"2025-12-03T18:07:49.443+00:00","source":{"id":"0","name":"eventBus"}}
{"__type":"$$EventMessageAudit","id":"5753673d-1200-46d9-8b9d-6ff44f17840c","ts":"2025-12-03T18:08:35.841+00:00","eventName":"n8n.audit.user.credentials.updated","message":"n8n.audit.user.credentials.updated","payload":{"userId":"bd3a5b30-745c-4820-a59a-60954efae6a4","_email":"its.azhar.4321@gmail.com","_firstName":"Azhar","_lastName":"Iqbal","globalRole":"global:owner","credentialType":"postgres","credentialId":"G2MFLw5No1nHMtsG"}}
{"__type":"$$EventMessageConfirm","confirm":"5753673d-1200-46d9-8b9d-6ff44f17840c","ts":"2025-12-03T18:08:35.841+00:00","source":{"id":"0","name":"eventBus"}}
{"__type":"$$EventMessageWorkflow","id":"3fee128b-31be-45db-916c-a4c3ca7d826b","ts":"2025-12-03T18:08:57.194+00:00","eventName":"n8n.workflow.started","message":"n8n.workflow.started","payload":{"executionId":"1","workflowId":"pzpEPfUntRVDuVKd","isManual":false,"workflowName":"SAP Service Catalog Scanner"}}
{"__type":"$$EventMessageConfirm","confirm":"3fee128b-31be-45db-916c-a4c3ca7d826b","ts":"2025-12-03T18:08:57.195+00:00","source":{"id":"0","name":"eventBus"}}
{"__type":"$$EventMessageNode","id":"53caf85a-907a-4fa5-9a23-7dac6f986973","ts":"2025-12-03T18:08:57.198+00:00","eventName":"n8n.node.started","message":"n8n.node.started","payload":{"workflowId":"pzpEPfUntRVDuVKd","workflowName":"SAP Service Catalog Scanner","executionId":"1","nodeType":"n8n-nodes-base.manualTrigger","nodeName":"Manual Trigger","nodeId":"817014e7-d25c-4353-aed0-dbc42defa268"}}
{"__type":"$$EventMessageConfirm","confirm":"53caf85a-907a-4fa5-9a23-7dac6f986973","ts":"2025-12-03T18:08:57.198+00:00","source":{"id":"0","name":"eventBus"}}
{"__type":"$$EventMessageNode","id":"458a8ba6-878e-44bc-af0d-dc1edacba1fa","ts":"2025-12-03T18:08:57.202+00:00","eventName":"n8n.node.finished","message":"n8n.node.finished","payload":{"workflowId":"pzpEPfUntRVDuVKd","workflowName":"SAP Service Catalog Scanner","executionId":"1","nodeType":"n8n-nodes-base.manualTrigger","nodeName":"Manual Trigger","nodeId":"817014e7-d25c-4353-aed0-dbc42defa268"}}
{"__type":"$$EventMessageConfirm","confirm":"458a8ba6-878e-44bc-af0d-dc1edacba1fa","ts":"2025-12-03T18:08:57.202+00:00","source":{"id":"0","name":"eventBus"}}
{"__type":"$$EventMessageNode","id":"f48b178e-c81d-4b95-9999-cd1743f3c230","ts":"2025-12-03T18:08:57.204+00:00","eventName":"n8n.node.started","message":"n8n.node.started","payload":{"workflowId":"pzpEPfUntRVDuVKd","workflowName":"SAP Service Catalog Scanner","executionId":"1","nodeType":"n8n-nodes-base.httpRequest","nodeName":"Fetch SAP Services","nodeId":"4075a81f-b5de-44dd-8beb-91f2a7f8db50"}}
{"__type":"$$EventMessageConfirm","confirm":"f48b178e-c81d-4b95-9999-cd1743f3c230","ts":"2025-12-03T18:08:57.204+00:00","source":{"id":"0","name":"eventBus"}}
{"__type":"$$EventMessageNode","id":"423d8c21-8693-433f-a29d-443d3ec8adf6","ts":"2025-12-03T18:08:58.069+00:00","eventName":"n8n.node.finished","message":"n8n.node.finished","payload":{"workflowId":"pzpEPfUntRVDuVKd","workflowName":"SAP Service Catalog Scanner","executionId":"1","nodeType":"n8n-nodes-base.httpRequest","nodeName":"Fetch SAP Services","nodeId":"4075a81f-b5de-44dd-8beb-91f2a7f8db50"}}
{"__type":"$$EventMessageConfirm","confirm":"423d8c21-8693-433f-a29d-443d3ec8adf6","ts":"2025-12-03T18:08:58.069+00:00","source":{"id":"0","name":"eventBus"}}
{"__type":"$$EventMessageNode","id":"2d872d70-1be8-4bea-8cfe-9d4183a319aa","ts":"2025-12-03T18:08:58.096+00:00","eventName":"n8n.node.started","message":"n8n.node.started","payload":{"workflowId":"pzpEPfUntRVDuVKd","workflowName":"SAP Service Catalog Scanner","executionId":"1","nodeType":"n8n-nodes-base.set","nodeName":"Parse Services","nodeId":"5ffbf355-d271-4bee-86c3-74a84a347960"}}
{"__type":"$$EventMessageConfirm","confirm":"2d872d70-1be8-4bea-8cfe-9d4183a319aa","ts":"2025-12-03T18:08:58.096+00:00","source":{"id":"0","name":"eventBus"}}
{"__type":"$$EventMessageNode","id":"74c349a7-c915-415e-8cf8-5bce6d6fc305","ts":"2025-12-03T13:08:58.163-05:00","eventName":"n8n.node.finished","message":"n8n.node.finished","payload":{"workflowId":"pzpEPfUntRVDuVKd","workflowName":"SAP Service Catalog Scanner","executionId":"1","nodeType":"n8n-nodes-base.set","nodeName":"Parse Services","nodeId":"5ffbf355-d271-4bee-86c3-74a84a347960"}}
{"__type":"$$EventMessageConfirm","confirm":"74c349a7-c915-415e-8cf8-5bce6d6fc305","ts":"2025-12-03T13:08:58.163-05:00","source":{"id":"0","name":"eventBus"}}
{"__type":"$$EventMessageNode","id":"a9d8694b-d6a6-49f7-b336-6ad961cbc1ea","ts":"2025-12-03T13:08:58.163-05:00","eventName":"n8n.node.started","message":"n8n.node.started","payload":{"workflowId":"pzpEPfUntRVDuVKd","workflowName":"SAP Service Catalog Scanner","executionId":"1","nodeType":"n8n-nodes-base.postgres","nodeName":"Save to Database","nodeId":"cd4fbbaf-052d-4e23-bf76-5225c1174aed"}}
{"__type":"$$EventMessageConfirm","confirm":"a9d8694b-d6a6-49f7-b336-6ad961cbc1ea","ts":"2025-12-03T13:08:58.163-05:00","source":{"id":"0","name":"eventBus"}}
{"__type":"$$EventMessageNode","id":"f6a98b83-dc6f-4bc4-a812-e040de7252fc","ts":"2025-12-03T13:08:58.271-05:00","eventName":"n8n.node.finished","message":"n8n.node.finished","payload":{"workflowId":"pzpEPfUntRVDuVKd","workflowName":"SAP Service Catalog Scanner","executionId":"1","nodeType":"n8n-nodes-base.postgres","nodeName":"Save to Database","nodeId":"cd4fbbaf-052d-4e23-bf76-5225c1174aed"}}
{"__type":"$$EventMessageConfirm","confirm":"f6a98b83-dc6f-4bc4-a812-e040de7252fc","ts":"2025-12-03T13:08:58.271-05:00","source":{"id":"0","name":"eventBus"}}
{"__type":"$$EventMessageWorkflow","id":"14dfe92e-108f-4ae3-bcc9-17a93fd56f50","ts":"2025-12-03T13:08:58.285-05:00","eventName":"n8n.workflow.failed","message":"n8n.workflow.failed","payload":{"userId":"bd3a5b30-745c-4820-a59a-60954efae6a4","executionId":"1","success":false,"isManual":true,"workflowId":"pzpEPfUntRVDuVKd","workflowName":"SAP Service Catalog Scanner","lastNodeExecuted":"Save to Database","errorNodeType":"n8n-nodes-base.postgres","errorMessage":"Connection refused"}}
{"__type":"$$EventMessageConfirm","confirm":"14dfe92e-108f-4ae3-bcc9-17a93fd56f50","ts":"2025-12-03T13:08:58.285-05:00","source":{"id":"0","name":"eventBus"}}
{"__type":"$$EventMessageWorkflow","id":"efcb760a-2db7-47c4-8b84-b9d201940213","ts":"2025-12-03T13:12:46.423-05:00","eventName":"n8n.workflow.started","message":"n8n.workflow.started","payload":{"executionId":"2","workflowId":"pzpEPfUntRVDuVKd","isManual":false,"workflowName":"SAP Metadata Intelligence Scanner"}}
{"__type":"$$EventMessageConfirm","confirm":"efcb760a-2db7-47c4-8b84-b9d201940213","ts":"2025-12-03T13:12:46.424-05:00","source":{"id":"0","name":"eventBus"}}
{"__type":"$$EventMessageNode","id":"f63861fc-737f-4cf5-8da1-71355a3e561e","ts":"2025-12-03T13:12:46.433-05:00","eventName":"n8n.node.started","message":"n8n.node.started","payload":{"workflowId":"pzpEPfUntRVDuVKd","workflowName":"SAP Metadata Intelligence Scanner","executionId":"2","nodeType":"n8n-nodes-base.manualTrigger","nodeName":"Manual Trigger","nodeId":"817014e7-d25c-4353-aed0-dbc42defa268"}}
{"__type":"$$EventMessageConfirm","confirm":"f63861fc-737f-4cf5-8da1-71355a3e561e","ts":"2025-12-03T13:12:46.434-05:00","source":{"id":"0","name":"eventBus"}}
{"__type":"$$EventMessageNode","id":"ed8980af-7734-42d3-b026-e8a4070c79d9","ts":"2025-12-03T13:12:46.437-05:00","eventName":"n8n.node.finished","message":"n8n.node.finished","payload":{"workflowId":"pzpEPfUntRVDuVKd","workflowName":"SAP Metadata Intelligence Scanner","executionId":"2","nodeType":"n8n-nodes-base.manualTrigger","nodeName":"Manual Trigger","nodeId":"817014e7-d25c-4353-aed0-dbc42defa268"}}
{"__type":"$$EventMessageConfirm","confirm":"ed8980af-7734-42d3-b026-e8a4070c79d9","ts":"2025-12-03T13:12:46.438-05:00","source":{"id":"0","name":"eventBus"}}
{"__type":"$$EventMessageNode","id":"2bceb32f-1970-49b0-b29c-099d770b6ee7","ts":"2025-12-03T13:12:46.441-05:00","eventName":"n8n.node.started","message":"n8n.node.started","payload":{"workflowId":"pzpEPfUntRVDuVKd","workflowName":"SAP Metadata Intelligence Scanner","executionId":"2","nodeType":"n8n-nodes-base.httpRequest","nodeName":"Fetch: Service Catalog","nodeId":"03f57325-c669-4728-973b-70a953b470e1"}}
{"__type":"$$EventMessageConfirm","confirm":"2bceb32f-1970-49b0-b29c-099d770b6ee7","ts":"2025-12-03T13:12:46.442-05:00","source":{"id":"0","name":"eventBus"}}
{"__type":"$$EventMessageNode","id":"f6e8970c-e413-4750-bcdc-7c9b8874fed4","ts":"2025-12-03T13:12:47.007-05:00","eventName":"n8n.node.finished","message":"n8n.node.finished","payload":{"workflowId":"pzpEPfUntRVDuVKd","workflowName":"SAP Metadata Intelligence Scanner","executionId":"2","nodeType":"n8n-nodes-base.httpRequest","nodeName":"Fetch: Service Catalog","nodeId":"03f57325-c669-4728-973b-70a953b470e1"}}
{"__type":"$$EventMessageConfirm","confirm":"f6e8970c-e413-4750-bcdc-7c9b8874fed4","ts":"2025-12-03T13:12:47.007-05:00","source":{"id":"0","name":"eventBus"}}
{"__type":"$$EventMessageNode","id":"26c9aaf1-7bb3-4311-995e-ae87d1a093a3","ts":"2025-12-03T13:12:47.026-05:00","eventName":"n8n.node.started","message":"n8n.node.started","payload":{"workflowId":"pzpEPfUntRVDuVKd","workflowName":"SAP Metadata Intelligence Scanner","executionId":"2","nodeType":"n8n-nodes-base.code","nodeName":"Parse: Service Data","nodeId":"1affcf24-e9bc-41a9-8890-74fcc2e653ed"}}
{"__type":"$$EventMessageConfirm","confirm":"26c9aaf1-7bb3-4311-995e-ae87d1a093a3","ts":"2025-12-03T13:12:47.026-05:00","source":{"id":"0","name":"eventBus"}}
{"__type":"$$EventMessageNode","id":"c0731aa9-de3e-4dd8-8ec4-2ef32b2fac0d","ts":"2025-12-03T13:12:47.511-05:00","eventName":"n8n.node.finished","message":"n8n.node.finished","payload":{"workflowId":"pzpEPfUntRVDuVKd","workflowName":"SAP Metadata Intelligence Scanner","executionId":"2","nodeType":"n8n-nodes-base.code","nodeName":"Parse: Service Data","nodeId":"1affcf24-e9bc-41a9-8890-74fcc2e653ed"}}
{"__type":"$$EventMessageConfirm","confirm":"c0731aa9-de3e-4dd8-8ec4-2ef32b2fac0d","ts":"2025-12-03T13:12:47.511-05:00","source":{"id":"0","name":"eventBus"}}
{"__type":"$$EventMessageNode","id":"f2a5fef3-4512-454b-9e29-1cd353fd4d2a","ts":"2025-12-03T13:12:47.616-05:00","eventName":"n8n.node.started","message":"n8n.node.started","payload":{"workflowId":"pzpEPfUntRVDuVKd","workflowName":"SAP Metadata Intelligence Scanner","executionId":"2","nodeType":"n8n-nodes-base.postgres","nodeName":"Save: Services to DB","nodeId":"8452ba3e-b8ee-4241-a3f9-3a417302acb9"}}
{"__type":"$$EventMessageConfirm","confirm":"f2a5fef3-4512-454b-9e29-1cd353fd4d2a","ts":"2025-12-03T13:12:47.616-05:00","source":{"id":"0","name":"eventBus"}}
{"__type":"$$EventMessageNode","id":"69bf4600-c866-4643-ac31-d9f1eda5381c","ts":"2025-12-03T13:12:47.630-05:00","eventName":"n8n.node.finished","message":"n8n.node.finished","payload":{"workflowId":"pzpEPfUntRVDuVKd","workflowName":"SAP Metadata Intelligence Scanner","executionId":"2","nodeType":"n8n-nodes-base.postgres","nodeName":"Save: Services to DB","nodeId":"8452ba3e-b8ee-4241-a3f9-3a417302acb9"}}
{"__type":"$$EventMessageConfirm","confirm":"69bf4600-c866-4643-ac31-d9f1eda5381c","ts":"2025-12-03T13:12:47.631-05:00","source":{"id":"0","name":"eventBus"}}
{"__type":"$$EventMessageWorkflow","id":"5c80dea6-755b-4fbf-ae84-55bbf9fa7672","ts":"2025-12-03T13:12:47.639-05:00","eventName":"n8n.workflow.failed","message":"n8n.workflow.failed","payload":{"userId":"bd3a5b30-745c-4820-a59a-60954efae6a4","executionId":"2","success":false,"isManual":true,"workflowId":"pzpEPfUntRVDuVKd","workflowName":"SAP Metadata Intelligence Scanner","lastNodeExecuted":"Save: Services to DB","errorNodeType":"n8n-nodes-base.postgres","errorMessage":"Node does not have any credentials set"}}
{"__type":"$$EventMessageConfirm","confirm":"5c80dea6-755b-4fbf-ae84-55bbf9fa7672","ts":"2025-12-03T13:12:47.640-05:00","source":{"id":"0","name":"eventBus"}}
{"__type":"$$EventMessageAudit","id":"a272802c-0c90-485b-ba81-2407f4face88","ts":"2025-12-03T13:16:51.402-05:00","eventName":"n8n.audit.user.credentials.updated","message":"n8n.audit.user.credentials.updated","payload":{"userId":"bd3a5b30-745c-4820-a59a-60954efae6a4","_email":"its.azhar.4321@gmail.com","_firstName":"Azhar","_lastName":"Iqbal","globalRole":"global:owner","credentialType":"postgres","credentialId":"G2MFLw5No1nHMtsG"}}
{"__type":"$$EventMessageConfirm","confirm":"a272802c-0c90-485b-ba81-2407f4face88","ts":"2025-12-03T13:16:51.402-05:00","source":{"id":"0","name":"eventBus"}}
{"__type":"$$EventMessageWorkflow","id":"64d5e317-9f2a-4973-8c87-a45c13302c81","ts":"2025-12-03T13:17:02.232-05:00","eventName":"n8n.workflow.started","message":"n8n.workflow.started","payload":{"executionId":"3","workflowId":"pzpEPfUntRVDuVKd","isManual":false,"workflowName":"SAP Metadata Intelligence Scanner"}}
{"__type":"$$EventMessageConfirm","confirm":"64d5e317-9f2a-4973-8c87-a45c13302c81","ts":"2025-12-03T13:17:02.232-05:00","source":{"id":"0","name":"eventBus"}}
{"__type":"$$EventMessageNode","id":"c9452d24-8549-4b3c-a92d-be898d51072c","ts":"2025-12-03T13:17:02.339-05:00","eventName":"n8n.node.started","message":"n8n.node.started","payload":{"workflowId":"pzpEPfUntRVDuVKd","workflowName":"SAP Metadata Intelligence Scanner","executionId":"3","nodeType":"n8n-nodes-base.postgres","nodeName":"Save: Services to DB","nodeId":"8452ba3e-b8ee-4241-a3f9-3a417302acb9"}}
{"__type":"$$EventMessageConfirm","confirm":"c9452d24-8549-4b3c-a92d-be898d51072c","ts":"2025-12-03T13:17:02.339-05:00","source":{"id":"0","name":"eventBus"}}
{"__type":"$$EventMessageNode","id":"421d8c3a-7911-4694-8f62-ff0966454549","ts":"2025-12-03T13:17:02.949-05:00","eventName":"n8n.node.finished","message":"n8n.node.finished","payload":{"workflowId":"pzpEPfUntRVDuVKd","workflowName":"SAP Metadata Intelligence Scanner","executionId":"3","nodeType":"n8n-nodes-base.postgres","nodeName":"Save: Services to DB","nodeId":"8452ba3e-b8ee-4241-a3f9-3a417302acb9"}}
{"__type":"$$EventMessageConfirm","confirm":"421d8c3a-7911-4694-8f62-ff0966454549","ts":"2025-12-03T13:17:02.949-05:00","source":{"id":"0","name":"eventBus"}}
{"__type":"$$EventMessageWorkflow","id":"f3278ffb-fe2f-4a41-912d-a5e98b210346","ts":"2025-12-03T13:17:02.955-05:00","eventName":"n8n.workflow.failed","message":"n8n.workflow.failed","payload":{"userId":"bd3a5b30-745c-4820-a59a-60954efae6a4","executionId":"3","success":false,"isManual":true,"workflowId":"pzpEPfUntRVDuVKd","workflowName":"SAP Metadata Intelligence Scanner","lastNodeExecuted":"Save: Services to DB","errorNodeType":"n8n-nodes-base.postgres","errorMessage":"The server does not support SSL connections"}}
{"__type":"$$EventMessageConfirm","confirm":"f3278ffb-fe2f-4a41-912d-a5e98b210346","ts":"2025-12-03T13:17:02.956-05:00","source":{"id":"0","name":"eventBus"}}
{"__type":"$$EventMessageAudit","id":"486804a0-bf01-42f6-a491-23f9bc9c7132","ts":"2025-12-03T13:23:13.678-05:00","eventName":"n8n.audit.user.credentials.deleted","message":"n8n.audit.user.credentials.deleted","payload":{"userId":"bd3a5b30-745c-4820-a59a-60954efae6a4","_email":"its.azhar.4321@gmail.com","_firstName":"Azhar","_lastName":"Iqbal","globalRole":"global:owner","credentialType":"postgres","credentialId":"G2MFLw5No1nHMtsG"}}
{"__type":"$$EventMessageConfirm","confirm":"486804a0-bf01-42f6-a491-23f9bc9c7132","ts":"2025-12-03T13:23:13.679-05:00","source":{"id":"0","name":"eventBus"}}
{"__type":"$$EventMessageAudit","id":"0d67f681-9ab8-4eb5-abe2-1c05a2b529bb","ts":"2025-12-03T13:24:10.420-05:00","eventName":"n8n.audit.user.credentials.created","message":"n8n.audit.user.credentials.created","payload":{"userId":"bd3a5b30-745c-4820-a59a-60954efae6a4","_email":"its.azhar.4321@gmail.com","_firstName":"Azhar","_lastName":"Iqbal","globalRole":"global:owner","credentialType":"postgres","credentialId":"MHnPSSXWam49azUA","publicApi":false,"projectId":"PrAOh5KIML3s2sNU","projectType":"personal"}}
{"__type":"$$EventMessageConfirm","confirm":"0d67f681-9ab8-4eb5-abe2-1c05a2b529bb","ts":"2025-12-03T13:24:10.420-05:00","source":{"id":"0","name":"eventBus"}}
{"__type":"$$EventMessageWorkflow","id":"48f32cbc-339a-4aee-af32-c3e579be3b68","ts":"2025-12-03T13:24:15.737-05:00","eventName":"n8n.workflow.started","message":"n8n.workflow.started","payload":{"executionId":"4","workflowId":"pzpEPfUntRVDuVKd","isManual":false,"workflowName":"SAP Metadata Intelligence Scanner"}}
{"__type":"$$EventMessageConfirm","confirm":"48f32cbc-339a-4aee-af32-c3e579be3b68","ts":"2025-12-03T13:24:15.737-05:00","source":{"id":"0","name":"eventBus"}}
{"__type":"$$EventMessageNode","id":"ff3fa844-8d83-4d82-af75-2b01c92bd2fb","ts":"2025-12-03T13:24:15.879-05:00","eventName":"n8n.node.started","message":"n8n.node.started","payload":{"workflowId":"pzpEPfUntRVDuVKd","workflowName":"SAP Metadata Intelligence Scanner","executionId":"4","nodeType":"n8n-nodes-base.postgres","nodeName":"Save: Services to DB","nodeId":"8452ba3e-b8ee-4241-a3f9-3a417302acb9"}}
{"__type":"$$EventMessageConfirm","confirm":"ff3fa844-8d83-4d82-af75-2b01c92bd2fb","ts":"2025-12-03T13:24:15.879-05:00","source":{"id":"0","name":"eventBus"}}
{"__type":"$$EventMessageNode","id":"21b56ad9-2c78-46de-80f4-2a21c08e78a2","ts":"2025-12-03T13:24:16.329-05:00","eventName":"n8n.node.finished","message":"n8n.node.finished","payload":{"workflowId":"pzpEPfUntRVDuVKd","workflowName":"SAP Metadata Intelligence Scanner","executionId":"4","nodeType":"n8n-nodes-base.postgres","nodeName":"Save: Services to DB","nodeId":"8452ba3e-b8ee-4241-a3f9-3a417302acb9"}}
{"__type":"$$EventMessageConfirm","confirm":"21b56ad9-2c78-46de-80f4-2a21c08e78a2","ts":"2025-12-03T13:24:16.330-05:00","source":{"id":"0","name":"eventBus"}}
{"__type":"$$EventMessageWorkflow","id":"b543d995-0a02-4207-bc4a-50d1d4317f60","ts":"2025-12-03T13:24:16.333-05:00","eventName":"n8n.workflow.failed","message":"n8n.workflow.failed","payload":{"userId":"bd3a5b30-745c-4820-a59a-60954efae6a4","executionId":"4","success":false,"isManual":true,"workflowId":"pzpEPfUntRVDuVKd","workflowName":"SAP Metadata Intelligence Scanner","lastNodeExecuted":"Save: Services to DB","errorNodeType":"n8n-nodes-base.postgres","errorMessage":"Syntax error at line 30 near \"ZC_DAYSSALESOUTSTANDING_CDS_0001\""}}
{"__type":"$$EventMessageConfirm","confirm":"b543d995-0a02-4207-bc4a-50d1d4317f60","ts":"2025-12-03T13:24:16.333-05:00","source":{"id":"0","name":"eventBus"}}
{"__type":"$$EventMessageWorkflow","id":"862535ef-1359-4a2d-9bf8-2841531a613a","ts":"2025-12-03T13:25:15.588-05:00","eventName":"n8n.workflow.started","message":"n8n.workflow.started","payload":{"executionId":"5","workflowId":"pzpEPfUntRVDuVKd","isManual":false,"workflowName":"SAP Metadata Intelligence Scanner"}}
{"__type":"$$EventMessageConfirm","confirm":"862535ef-1359-4a2d-9bf8-2841531a613a","ts":"2025-12-03T13:25:15.589-05:00","source":{"id":"0","name":"eventBus"}}
{"__type":"$$EventMessageNode","id":"b9fcb057-db17-4280-ada8-f62a6399a1f1","ts":"2025-12-03T13:25:15.739-05:00","eventName":"n8n.node.started","message":"n8n.node.started","payload":{"workflowId":"pzpEPfUntRVDuVKd","workflowName":"SAP Metadata Intelligence Scanner","executionId":"5","nodeType":"n8n-nodes-base.postgres","nodeName":"Save: Services to DB","nodeId":"8452ba3e-b8ee-4241-a3f9-3a417302acb9"}}
{"__type":"$$EventMessageConfirm","confirm":"b9fcb057-db17-4280-ada8-f62a6399a1f1","ts":"2025-12-03T13:25:15.740-05:00","source":{"id":"0","name":"eventBus"}}
{"__type":"$$EventMessageNode","id":"584d885b-9e61-444f-a3a4-2215d80d0514","ts":"2025-12-03T13:25:15.918-05:00","eventName":"n8n.node.finished","message":"n8n.node.finished","payload":{"workflowId":"pzpEPfUntRVDuVKd","workflowName":"SAP Metadata Intelligence Scanner","executionId":"5","nodeType":"n8n-nodes-base.postgres","nodeName":"Save: Services to DB","nodeId":"8452ba3e-b8ee-4241-a3f9-3a417302acb9"}}
{"__type":"$$EventMessageConfirm","confirm":"584d885b-9e61-444f-a3a4-2215d80d0514","ts":"2025-12-03T13:25:15.919-05:00","source":{"id":"0","name":"eventBus"}}
{"__type":"$$EventMessageWorkflow","id":"0935d571-8bc6-4bd6-8c19-dae0f295263c","ts":"2025-12-03T13:25:15.923-05:00","eventName":"n8n.workflow.failed","message":"n8n.workflow.failed","payload":{"userId":"bd3a5b30-745c-4820-a59a-60954efae6a4","executionId":"5","success":false,"isManual":true,"workflowId":"pzpEPfUntRVDuVKd","workflowName":"SAP Metadata Intelligence Scanner","lastNodeExecuted":"Save: Services to DB","errorNodeType":"n8n-nodes-base.postgres","errorMessage":"there is no parameter $1"}}
{"__type":"$$EventMessageConfirm","confirm":"0935d571-8bc6-4bd6-8c19-dae0f295263c","ts":"2025-12-03T13:25:15.923-05:00","source":{"id":"0","name":"eventBus"}}
{"__type":"$$EventMessageWorkflow","id":"ca6f8f97-4752-485a-99af-da14073c8c8e","ts":"2025-12-03T13:26:14.469-05:00","eventName":"n8n.workflow.started","message":"n8n.workflow.started","payload":{"executionId":"6","workflowId":"pzpEPfUntRVDuVKd","isManual":false,"workflowName":"SAP Metadata Intelligence Scanner"}}
{"__type":"$$EventMessageConfirm","confirm":"ca6f8f97-4752-485a-99af-da14073c8c8e","ts":"2025-12-03T13:26:14.469-05:00","source":{"id":"0","name":"eventBus"}}
{"__type":"$$EventMessageNode","id":"aec60ede-a472-47e8-a260-aa0261bdd81f","ts":"2025-12-03T13:26:14.547-05:00","eventName":"n8n.node.started","message":"n8n.node.started","payload":{"workflowId":"pzpEPfUntRVDuVKd","workflowName":"SAP Metadata Intelligence Scanner","executionId":"6","nodeType":"n8n-nodes-base.code","nodeName":"Parse: Service Data","nodeId":"1affcf24-e9bc-41a9-8890-74fcc2e653ed"}}
{"__type":"$$EventMessageConfirm","confirm":"aec60ede-a472-47e8-a260-aa0261bdd81f","ts":"2025-12-03T13:26:14.547-05:00","source":{"id":"0","name":"eventBus"}}
{"__type":"$$EventMessageNode","id":"4dae17d2-7731-4f99-a4f4-841095114959","ts":"2025-12-03T13:26:15.293-05:00","eventName":"n8n.node.finished","message":"n8n.node.finished","payload":{"workflowId":"pzpEPfUntRVDuVKd","workflowName":"SAP Metadata Intelligence Scanner","executionId":"6","nodeType":"n8n-nodes-base.code","nodeName":"Parse: Service Data","nodeId":"1affcf24-e9bc-41a9-8890-74fcc2e653ed"}}
{"__type":"$$EventMessageConfirm","confirm":"4dae17d2-7731-4f99-a4f4-841095114959","ts":"2025-12-03T13:26:15.293-05:00","source":{"id":"0","name":"eventBus"}}
{"__type":"$$EventMessageWorkflow","id":"c12a3f7f-80aa-4493-b1de-281d8710fe18","ts":"2025-12-03T13:26:15.373-05:00","eventName":"n8n.workflow.success","message":"n8n.workflow.success","payload":{"userId":"bd3a5b30-745c-4820-a59a-60954efae6a4","executionId":"6","success":true,"isManual":true,"workflowId":"pzpEPfUntRVDuVKd","workflowName":"SAP Metadata Intelligence Scanner"}}
{"__type":"$$EventMessageConfirm","confirm":"c12a3f7f-80aa-4493-b1de-281d8710fe18","ts":"2025-12-03T13:26:15.373-05:00","source":{"id":"0","name":"eventBus"}}
{"__type":"$$EventMessageWorkflow","id":"85413fbb-819a-42dc-a1fa-43893acf789d","ts":"2025-12-03T13:26:37.731-05:00","eventName":"n8n.workflow.started","message":"n8n.workflow.started","payload":{"executionId":"7","workflowId":"pzpEPfUntRVDuVKd","isManual":false,"workflowName":"SAP Metadata Intelligence Scanner"}}
{"__type":"$$EventMessageConfirm","confirm":"85413fbb-819a-42dc-a1fa-43893acf789d","ts":"2025-12-03T13:26:37.732-05:00","source":{"id":"0","name":"eventBus"}}
{"__type":"$$EventMessageNode","id":"1e730ae4-2e72-4f51-af9c-3d402f9de989","ts":"2025-12-03T13:26:37.873-05:00","eventName":"n8n.node.started","message":"n8n.node.started","payload":{"workflowId":"pzpEPfUntRVDuVKd","workflowName":"SAP Metadata Intelligence Scanner","executionId":"7","nodeType":"n8n-nodes-base.postgres","nodeName":"Save: Services to DB","nodeId":"8452ba3e-b8ee-4241-a3f9-3a417302acb9"}}
{"__type":"$$EventMessageConfirm","confirm":"1e730ae4-2e72-4f51-af9c-3d402f9de989","ts":"2025-12-03T13:26:37.873-05:00","source":{"id":"0","name":"eventBus"}}
{"__type":"$$EventMessageNode","id":"2b60e0f6-21f8-4d82-9088-b9ae5243cceb","ts":"2025-12-03T13:26:40.075-05:00","eventName":"n8n.node.finished","message":"n8n.node.finished","payload":{"workflowId":"pzpEPfUntRVDuVKd","workflowName":"SAP Metadata Intelligence Scanner","executionId":"7","nodeType":"n8n-nodes-base.postgres","nodeName":"Save: Services to DB","nodeId":"8452ba3e-b8ee-4241-a3f9-3a417302acb9"}}
{"__type":"$$EventMessageConfirm","confirm":"2b60e0f6-21f8-4d82-9088-b9ae5243cceb","ts":"2025-12-03T13:26:40.075-05:00","source":{"id":"0","name":"eventBus"}}
{"__type":"$$EventMessageWorkflow","id":"09901558-5cd7-4676-9293-f09bd19f941f","ts":"2025-12-03T13:26:40.082-05:00","eventName":"n8n.workflow.success","message":"n8n.workflow.success","payload":{"userId":"bd3a5b30-745c-4820-a59a-60954efae6a4","executionId":"7","success":true,"isManual":true,"workflowId":"pzpEPfUntRVDuVKd","workflowName":"SAP Metadata Intelligence Scanner"}}
{"__type":"$$EventMessageConfirm","confirm":"09901558-5cd7-4676-9293-f09bd19f941f","ts":"2025-12-03T13:26:40.082-05:00","source":{"id":"0","name":"eventBus"}}
